0001344c.p
a-casho.p
a-midl1.p
acct-cls.p
card2dec.p
close_acct.p
cls_acct.p
crdstopcop.p
cred-sell.p
edit(op).p
g-call1.p
g-cash1.p
g-casho.p
g-casho1.p
g-claim.p
g-cr.p
g-cr1.p
g-cr2.p
g-cr2tr.p
g-cr2unk.p
g-crd1.p
g-crhead.p
g-crlin.p
g-crtr.p
g-dcl.p
g-dcl1.p
g-dcltr.p
g-dcltr1.p
g-drow.p
g-inc.p
g-inc2.p
g-intpay.p
g-midl1.p
g-midlds.p
g-midlk.p
g-nachb_.p
g-svod.p
gprfclm.p
gprfclmw.p
g_doloan.p
g_sroch2.p
i-autosb.p
i-rabis1.p
i-rabis2.p
i-sw-upd.p
i-swupd.p
imp-upd.p
loan_op.p
mtd.p
mtdocme.p
mtdocme2.p
op1.p
pp-op.p
pp-rsrv.p
pp-wchck.p
setovr.p
trnfrc_2.p
trnfrc_2_err.p
