

********************************************************************************

Импорт метаданных в базу.
Выполнил пользователь Фаворов Е.В.
17/01/2017    15:59:34


                    ЗАГРУЗКА СПЕЦПАТЧА (CONV)
                    ИЗ '/data/home2/bis/quit41d/src-local/48_BAV_proverka_valyutnyh_provodok/conv/'
                    ПОЛЬЗОВАТЕЛЬСКИЕ ПРОЦЕДУРЫ
          Данные не изменены

Код                  Наименование                             Результат
-------------------- ---------------------------------------- ----------
  МЕНЮ               РАЗНОЕ                                   успешно
          Запись добавлена
pb_tstcur0           Проверка валютных проводок на нулевую су успешно
-------------------- ---------------------------------------- ----------
Итого                2




********************************************************************************

Импорт метаданных в базу.
Выполнил пользователь Фаворов Е.В.
17/01/2017    15:59:48


                    ЗАГРУЗКА СПЕЦПАТЧА (CONV)
                    ИЗ '/data/home2/bis/quit41d/src-local/48_BAV_proverka_valyutnyh_provodok/conv/'
                    ПОЛЬЗОВАТЕЛЬСКИЕ ПРОЦЕДУРЫ
          Данные не изменены

Код                  Наименование                             Результат
-------------------- ---------------------------------------- ----------
pb_tstcur0           Проверка валютных проводок на нулевую су успешно
  МЕНЮ               РАЗНОЕ                                   успешно
-------------------- ---------------------------------------- ----------
Итого                2




********************************************************************************

Импорт метаданных в базу.
Выполнил пользователь BIS maintenance
01/06/2017    10:15:31


                    ЗАГРУЗКА СПЕЦПАТЧА (CONV)
                    ИЗ '/data/home2/bis/quit41d/src-local/48_BAV_proverka_valyutnyh_provodok/conv/'
                    ПОЛЬЗОВАТЕЛЬСКИЕ ПРОЦЕДУРЫ
          Данные не изменены

Код                  Наименование                             Результат
-------------------- ---------------------------------------- ----------
pb_tstcur0           Проверка валютных проводок на нулевую су успешно
  МЕНЮ               РАЗНОЕ                                   успешно
-------------------- ---------------------------------------- ----------
Итого                2


