stmt-r.p
stmt-c.p
stmt(a).p
stmt(ct).p
stmt(d).p
stmt(dd).p
stmt(did.p
stmt(nd).p
stmt(ud).p
stmt(ddpl).p
pb_acct-pos.p
stmt-vu1.p
stmt-vu3.p
stmtb1.p
stmtb3.p
stmtbd1.p
stmtbd3.p
stmtdp1.p
stmtdp3.p
stmtg1.p
stmtg3.p
stmtgis1.p
stmtgis3.p
stmti-v1.p
stmti-v3.p
stmti1.p
stmti1_eng.p
stmti3.p
stmti3_eng.p
stmtid1.p
stmtid3.p
stmtis1.p
stmtis3.p
stmtisd1.p
stmtisd3.p
stmtmg1.p
stmtmg3.p
stmtmgv1.p
stmtmgv3.p
stmtmgw1.p
stmtmgw3.p
stmtmgx1.p
stmtmgx3.p
stmtotal1.p
stmtotal3.p
e-swo940.p
e-swo950.p
e-tel940.p
e-tel942.p
e-tel950.p
