

********************************************************************************

Импорт метаданных в базу.
Выполнил пользователь Фаворов Е.В.
11/01/2017    17:58:38


                    ЗАГРУЗКА СПЕЦПАТЧА (CONV)
                    ИЗ '/data/home2/bis/quit41d/src-local/47_BAV_avtomaticheskoe_sozdanie_rezervov/conv/'
                    ДОПРЕКВИЗИТЫ
          Запись добавлена

Код                  Наименование                             Результат
-------------------- ---------------------------------------- ----------
АвтРежим             Да                                       успешно
МаскаСчета           47423*                                   успешно
НазнСч               !КомВыд,*                                успешно
Ответственный        Нет                                      успешно
ОткрСч137П           Да                                       успешно
РазрешКоррСчетов     Да                                       успешно
СС_ВыводНаЭкран      Нет                                      успешно
ACCT-CLASS-CODE      acctb                                    успешно
AcctReservName       РЕЗЕРВ НА ВОЗМОЖНЫЕ ПОТЕРИ ПО СЧЕТУ <Сче успешно
aft-fill-prog        acrs_chk                                 успешно
DebugParser          0                                        успешно
DebugXattr           Нет                                      успешно
e-mail               a.borisov,y.tsisnevich                   успешно
nprrsrv              pb_prrez100.p                            успешно
-------------------- ---------------------------------------- ----------
Итого                14


                    АТРИБУТЫ МЕТАСХЕМЫ
          Запись добавлена

Код                  Наименование                             Результат
-------------------- ---------------------------------------- ----------
e-mail               e-mail                                   успешно
-------------------- ---------------------------------------- ----------
Итого                1


                    СТАНДАРТНЫЕ ТРАНЗАКЦИИ
          Запись добавлена

Код                  Наименование                             Результат
-------------------- ---------------------------------------- ----------
rsrv_pr51            Урегулирование резерва (283-П) для счета успешно
-------------------- ---------------------------------------- ----------
Итого                1


                    ШАБЛОНЫ СТАРЫХ ТРАНЗАКЦИЙ
          Запись добавлена

Код                  Наименование                             Результат
-------------------- ---------------------------------------- ----------
1                     - НомСчета("*","70606810*4730400","",Фи успешно
2                     - СчетРезерва() - НомСчета("*","7060181 успешно
-------------------- ---------------------------------------- ----------
Итого                2




********************************************************************************

Импорт метаданных в базу.
Выполнил пользователь Фаворов Е.В.
11/01/2017    17:58:49


                    ЗАГРУЗКА СПЕЦПАТЧА (CONV)
                    ИЗ '/data/home2/bis/quit41d/src-local/47_BAV_avtomaticheskoe_sozdanie_rezervov/conv/'
                    ДОПРЕКВИЗИТЫ
          Данные не изменены

Код                  Наименование                             Результат
-------------------- ---------------------------------------- ----------
АвтРежим             Да                                       успешно
МаскаСчета           47423*                                   успешно
НазнСч               !КомВыд,*                                успешно
Ответственный        Нет                                      успешно
ОткрСч137П           Да                                       успешно
РазрешКоррСчетов     Да                                       успешно
СС_ВыводНаЭкран      Нет                                      успешно
ACCT-CLASS-CODE      acctb                                    успешно
AcctReservName       РЕЗЕРВ НА ВОЗМОЖНЫЕ ПОТЕРИ ПО СЧЕТУ <Сче успешно
aft-fill-prog        acrs_chk                                 успешно
DebugParser          0                                        успешно
DebugXattr           Нет                                      успешно
e-mail               a.borisov,y.tsisnevich                   успешно
nprrsrv              pb_prrez100.p                            успешно
-------------------- ---------------------------------------- ----------
Итого                14


                    АТРИБУТЫ МЕТАСХЕМЫ
          Данные не изменены

Код                  Наименование                             Результат
-------------------- ---------------------------------------- ----------
e-mail               e-mail                                   успешно
-------------------- ---------------------------------------- ----------
Итого                1


                    СТАНДАРТНЫЕ ТРАНЗАКЦИИ
          Данные не изменены

Код                  Наименование                             Результат
-------------------- ---------------------------------------- ----------
rsrv_pr51            Урегулирование резерва (283-П) для счета успешно
-------------------- ---------------------------------------- ----------
Итого                1


                    ШАБЛОНЫ СТАРЫХ ТРАНЗАКЦИЙ
          Данные не изменены

Код                  Наименование                             Результат
-------------------- ---------------------------------------- ----------
1                     - НомСчета("*","70606810*4730400","",Фи успешно
2                     - СчетРезерва() - НомСчета("*","7060181 успешно
-------------------- ---------------------------------------- ----------
Итого                2


