

********************************************************************************

Импорт метаданных в базу.
Выполнил пользователь BIS maintenance
29/05/2017    12:30:08


                    ЗАГРУЗКА СПЕЦПАТЧА (CONV)
                    ИЗ '/data/home2/bis/quit41d/src-local/71_otchet_po_nalogam/conv/'
                    ПОЛЬЗОВАТЕЛЬСКИЕ ПРОЦЕДУРЫ
          Данные не изменены

Код                  Наименование                             Результат
-------------------- ---------------------------------------- ----------
  МЕНЮ               ПЕЧАТЬ                                   успешно
          Запись добавлена
pb_nalogul           Отчет по налогам ЮЛ (Максимова А.А.)     успешно
-------------------- ---------------------------------------- ----------
Итого                2




********************************************************************************

Импорт метаданных в базу.
Выполнил пользователь BIS maintenance
29/05/2017    12:30:22


                    ЗАГРУЗКА СПЕЦПАТЧА (CONV)
                    ИЗ '/data/home2/bis/quit41d/src-local/71_otchet_po_nalogam/conv/'
                    ПОЛЬЗОВАТЕЛЬСКИЕ ПРОЦЕДУРЫ
          Данные не изменены

Код                  Наименование                             Результат
-------------------- ---------------------------------------- ----------
pb_nalogul           Отчет по налогам ЮЛ (Максимова А.А.)     успешно
  МЕНЮ               ПЕЧАТЬ                                   успешно
-------------------- ---------------------------------------- ----------
Итого                2




********************************************************************************

Импорт метаданных в базу.
Выполнил пользователь Фаворов Е.В.
29/05/2017    16:09:35


                    ЗАГРУЗКА СПЕЦПАТЧА (CONV)
                    ИЗ '/data/home2/bis/quit41d/src-local/72_BAV_otchet_po_nalogam/conv/'
                    ПОЛЬЗОВАТЕЛЬСКИЕ ПРОЦЕДУРЫ
          Данные не изменены

Код                  Наименование                             Результат
-------------------- ---------------------------------------- ----------
pb_nalogul           Отчет по налогам ЮЛ (Максимова А.А.)     успешно
  МЕНЮ               ПЕЧАТЬ                                   успешно
-------------------- ---------------------------------------- ----------
Итого                2


