

********************************************************************************

Импорт метаданных в базу.
Выполнил пользователь Фаворов Е.В.
08/01/2017    15:47:36


                    ЗАГРУЗКА СПЕЦПАТЧА (CONV)
                    ИЗ '/data/home2/bis/quit41d/src-fixplus/35_236841_PFR/exch-pfr/_pfrdoc/'
                    ДОПРЕКВИЗИТЫ
          Данные не изменены

Код                  Наименование                             Результат
-------------------- ---------------------------------------- ----------
Transaction          Да                                       успешно
Transaction          Да                                       успешно
AttrOptimized        Нет                                      успешно
Transaction          Нет                                      успешно
СС_ВыводНаЭкран      Нет                                      успешно
Executable           Нет                                      успешно
ProgressBar          Нет                                      успешно
Transaction          Нет                                      успешно
          Данные изменены
parslib              pexch,ut,ptax,pcomm                      успешно
TmplOrder            100                                      успешно
          Запись добавлена
Transaction          Да                                       успешно
AttrOptimized        Нет                                      успешно
Transaction          Нет                                      успешно
AttrOptimized        Нет                                      успешно
Transaction          Нет                                      успешно
DisplayForms         Нет                                      успешно
          Запись будет удалена
AttrOptimized        Нет                                      успешно
Transaction          Нет                                      успешно
-------------------- ---------------------------------------- ----------
Итого                18


                    СТАНДАРТНЫЕ ТРАНЗАКЦИИ
          Данные не изменены

Код                  Наименование                             Результат
-------------------- ---------------------------------------- ----------
_i-pfroms            ПФР. Клиентский перевод                  успешно
-------------------- ---------------------------------------- ----------
Итого                1


                    ШАБЛОНЫ НОВЫХ ТРАНЗАКЦИЙ
          Данные не изменены

Код                  Наименование                             Результат
-------------------- ---------------------------------------- ----------
  20 op-entry        Инициализация        op-entry            успешно
  30 op-bank         Инициализация        op-bank             успешно
          Данные изменены
  10 opb             Инициализация        Ввод данных         успешно
          Запись добавлена
  60 op-entry        Создание             op-entry1           успешно
  50 opb             Создание             Ввод данных         успешно
 100 PPFR2           Импорт               Ввод данных         успешно
          Запись будет удалена
  20 PPFR2           Импорт               Ввод данных         успешно
-------------------- ---------------------------------------- ----------
Итого                7


                    РЕКВИЗИТЫ ШАБЛОНОВ ТРАНЗАКЦИЙ
          Данные не изменены

Код                  Наименование                             Результат
-------------------- ---------------------------------------- ----------
   2 op-cod          000000      |                            успешно
   3 acct-cat        b           |                            успешно
   4 currency                    |                            успешно
   5 type            ВН          |                            успешно
   2 contract-date               |ДАТА()                      успешно
   3 doc-date                    |ДАТА()                      успешно
   4 op-date                     |ДАТА()                      успешно
   5 ins-date                    |ДАТА()                      успешно
   6 doc-type        01          |                            успешно
   7 order-pay       5           |                            успешно
   8 name-rec                    |                            успешно
   9 acct-rec                    |                            успешно
  10 doc-num                     |                            успешно
          Данные изменены
   1 acct-db         474228109016|                            успешно
   1 op-status       √           |                            успешно
          Запись добавлена
   1 acct-db                     |@AcctDb;                    успешно
   2 acct-cr                     |@AcctCr;                    успешно
   3 op-cod          000000      |                            успешно
   4 acct-cat        b           |                            успешно
   5 currency                    |                            успешно
   6 type            ВН          |                            успешно
   7 amt-rub                     |@AmtRub;                    успешно
   1 op-status       Ф           |                            успешно
   2 contract-date               |ДАТА();                     успешно
   3 doc-date                    |ДАТА();                     успешно
   4 op-date                     |ДАТА();                     успешно
   5 ins-date                    |ДАТА();                     успешно
   6 doc-type        01          |                            успешно
   7 order-pay       5           |                            успешно
   8 acct-cat        b           |                            успешно
   9 details                     |"Перевод средств."          успешно
  10 doc-num                     |СЧЕТЧИК(НАСТРОЙКА(Ст        успешно
  11 name-rec                    |                            успешно
  12 acct-rec                    |                            успешно
   1 Kind            ExchPFRDoc,E|                            успешно
   2 ClassError      ErrorPFR    |                            успешно
          Запись будет удалена
   1 Kind            ExchPFRDoc,E|                            успешно
   2 ClassError      ErrorPFR    |                            успешно
-------------------- ---------------------------------------- ----------
Итого                38




********************************************************************************

Импорт метаданных в базу.
Выполнил пользователь Фаворов Е.В.
08/01/2017    15:47:47


                    ЗАГРУЗКА СПЕЦПАТЧА (CONV)
                    ИЗ '/data/home2/bis/quit41d/src-fixplus/35_236841_PFR/exch-pfr/_pfrdoc/'
                    ДОПРЕКВИЗИТЫ
          Данные не изменены

Код                  Наименование                             Результат
-------------------- ---------------------------------------- ----------
Transaction          Да                                       успешно
Transaction          Да                                       успешно
AttrOptimized        Нет                                      успешно
Transaction          Нет                                      успешно
Transaction          Да                                       успешно
AttrOptimized        Нет                                      успешно
Transaction          Нет                                      успешно
AttrOptimized        Нет                                      успешно
Transaction          Нет                                      успешно
СС_ВыводНаЭкран      Нет                                      успешно
DisplayForms         Нет                                      успешно
Executable           Нет                                      успешно
parslib              pexch,ut,ptax,pcomm                      успешно
ProgressBar          Нет                                      успешно
TmplOrder            100                                      успешно
Transaction          Нет                                      успешно
-------------------- ---------------------------------------- ----------
Итого                16


                    СТАНДАРТНЫЕ ТРАНЗАКЦИИ
          Данные не изменены

Код                  Наименование                             Результат
-------------------- ---------------------------------------- ----------
_i-pfroms            ПФР. Клиентский перевод                  успешно
-------------------- ---------------------------------------- ----------
Итого                1


                    ШАБЛОНЫ НОВЫХ ТРАНЗАКЦИЙ
          Данные не изменены

Код                  Наименование                             Результат
-------------------- ---------------------------------------- ----------
  20 op-entry        Инициализация        op-entry            успешно
  30 op-bank         Инициализация        op-bank             успешно
  10 opb             Инициализация        Ввод данных         успешно
  60 op-entry        Создание             op-entry1           успешно
  50 opb             Создание             Ввод данных         успешно
 100 PPFR2           Импорт               Ввод данных         успешно
-------------------- ---------------------------------------- ----------
Итого                6


                    РЕКВИЗИТЫ ШАБЛОНОВ ТРАНЗАКЦИЙ
          Данные не изменены

Код                  Наименование                             Результат
-------------------- ---------------------------------------- ----------
   1 acct-db         474228109016|                            успешно
   2 op-cod          000000      |                            успешно
   3 acct-cat        b           |                            успешно
   4 currency                    |                            успешно
   5 type            ВН          |                            успешно
   1 op-status       √           |                            успешно
   2 contract-date               |ДАТА()                      успешно
   3 doc-date                    |ДАТА()                      успешно
   4 op-date                     |ДАТА()                      успешно
   5 ins-date                    |ДАТА()                      успешно
   6 doc-type        01          |                            успешно
   7 order-pay       5           |                            успешно
   8 name-rec                    |                            успешно
   9 acct-rec                    |                            успешно
  10 doc-num                     |                            успешно
   1 acct-db                     |@AcctDb;                    успешно
   2 acct-cr                     |@AcctCr;                    успешно
   3 op-cod          000000      |                            успешно
   4 acct-cat        b           |                            успешно
   5 currency                    |                            успешно
   6 type            ВН          |                            успешно
   7 amt-rub                     |@AmtRub;                    успешно
   1 op-status       Ф           |                            успешно
   2 contract-date               |ДАТА();                     успешно
   3 doc-date                    |ДАТА();                     успешно
   4 op-date                     |ДАТА();                     успешно
   5 ins-date                    |ДАТА();                     успешно
   6 doc-type        01          |                            успешно
   7 order-pay       5           |                            успешно
   8 acct-cat        b           |                            успешно
   9 details                     |"Перевод средств."          успешно
  10 doc-num                     |СЧЕТЧИК(НАСТРОЙКА(Ст        успешно
  11 name-rec                    |                            успешно
  12 acct-rec                    |                            успешно
   1 Kind            ExchPFRDoc,E|                            успешно
   2 ClassError      ErrorPFR    |                            успешно
-------------------- ---------------------------------------- ----------
Итого                36




********************************************************************************

Импорт метаданных в базу.
Выполнил пользователь Фаворов Е.В.
11/01/2017    20:08:43


                    ЗАГРУЗКА СПЕЦПАТЧА (CONV)
                    ИЗ '/data/home2/bis/quit41d/src-fixplus/35_236841_PFR/exch-pfr/_pfrdoc/'
                    ДОПРЕКВИЗИТЫ
          Данные не изменены

Код                  Наименование                             Результат
-------------------- ---------------------------------------- ----------
Transaction          Да                                       успешно
Transaction          Да                                       успешно
AttrOptimized        Нет                                      успешно
Transaction          Нет                                      успешно
Transaction          Да                                       успешно
AttrOptimized        Нет                                      успешно
Transaction          Нет                                      успешно
AttrOptimized        Нет                                      успешно
Transaction          Нет                                      успешно
СС_ВыводНаЭкран      Нет                                      успешно
DisplayForms         Нет                                      успешно
Executable           Нет                                      успешно
parslib              pexch,ut,ptax,pcomm                      успешно
ProgressBar          Нет                                      успешно
TmplOrder            100                                      успешно
Transaction          Нет                                      успешно
          Запись будет удалена
AttrOptimized        Нет                                      успешно
Transaction          Нет                                      успешно
-------------------- ---------------------------------------- ----------
Итого                18


                    СТАНДАРТНЫЕ ТРАНЗАКЦИИ
          Данные не изменены

Код                  Наименование                             Результат
-------------------- ---------------------------------------- ----------
_i-pfroms            ПФР. Клиентский перевод                  успешно
-------------------- ---------------------------------------- ----------
Итого                1


                    ШАБЛОНЫ НОВЫХ ТРАНЗАКЦИЙ
          Данные не изменены

Код                  Наименование                             Результат
-------------------- ---------------------------------------- ----------
  20 op-entry        Инициализация        op-entry            успешно
  30 op-bank         Инициализация        op-bank             успешно
  10 opb             Инициализация        Ввод данных         успешно
  60 op-entry        Создание             op-entry1           успешно
  50 opb             Создание             Ввод данных         успешно
 100 PPFR2           Импорт               Ввод данных         успешно
          Запись будет удалена
  20 PPFR2           Импорт               Ввод данных         успешно
-------------------- ---------------------------------------- ----------
Итого                7


                    РЕКВИЗИТЫ ШАБЛОНОВ ТРАНЗАКЦИЙ
          Данные не изменены

Код                  Наименование                             Результат
-------------------- ---------------------------------------- ----------
   1 acct-db         474228109016|                            успешно
   2 op-cod          000000      |                            успешно
   3 acct-cat        b           |                            успешно
   4 currency                    |                            успешно
   5 type            ВН          |                            успешно
   1 op-status       √           |                            успешно
   2 contract-date               |ДАТА()                      успешно
   3 doc-date                    |ДАТА()                      успешно
   4 op-date                     |ДАТА()                      успешно
   5 ins-date                    |ДАТА()                      успешно
   6 doc-type        01          |                            успешно
   7 order-pay       5           |                            успешно
   8 name-rec                    |                            успешно
   9 acct-rec                    |                            успешно
  10 doc-num                     |                            успешно
   1 acct-db                     |@AcctDb;                    успешно
   2 acct-cr                     |@AcctCr;                    успешно
   3 op-cod          000000      |                            успешно
   4 acct-cat        b           |                            успешно
   5 currency                    |                            успешно
   6 type            ВН          |                            успешно
   7 amt-rub                     |@AmtRub;                    успешно
   1 op-status       Ф           |                            успешно
   2 contract-date               |ДАТА();                     успешно
   3 doc-date                    |ДАТА();                     успешно
   4 op-date                     |ДАТА();                     успешно
   5 ins-date                    |ДАТА();                     успешно
   6 doc-type        01          |                            успешно
   7 order-pay       5           |                            успешно
   8 acct-cat        b           |                            успешно
   9 details                     |"Перевод средств."          успешно
  10 doc-num                     |СЧЕТЧИК(НАСТРОЙКА(Ст        успешно
  11 name-rec                    |                            успешно
  12 acct-rec                    |                            успешно
   1 Kind            ExchPFRDoc,E|                            успешно
   2 ClassError      ErrorPFR    |                            успешно
          Запись будет удалена
   1 Kind            ExchPFRDoc,E|                            успешно
   2 ClassError      ErrorPFR    |                            успешно
-------------------- ---------------------------------------- ----------
Итого                38




********************************************************************************

Импорт метаданных в базу.
Выполнил пользователь Фаворов Е.В.
11/01/2017    20:08:58


                    ЗАГРУЗКА СПЕЦПАТЧА (CONV)
                    ИЗ '/data/home2/bis/quit41d/src-fixplus/35_236841_PFR/exch-pfr/_pfrdoc/'
                    ДОПРЕКВИЗИТЫ
          Данные не изменены

Код                  Наименование                             Результат
-------------------- ---------------------------------------- ----------
Transaction          Да                                       успешно
Transaction          Да                                       успешно
AttrOptimized        Нет                                      успешно
Transaction          Нет                                      успешно
Transaction          Да                                       успешно
AttrOptimized        Нет                                      успешно
Transaction          Нет                                      успешно
AttrOptimized        Нет                                      успешно
Transaction          Нет                                      успешно
СС_ВыводНаЭкран      Нет                                      успешно
DisplayForms         Нет                                      успешно
Executable           Нет                                      успешно
parslib              pexch,ut,ptax,pcomm                      успешно
ProgressBar          Нет                                      успешно
TmplOrder            100                                      успешно
Transaction          Нет                                      успешно
-------------------- ---------------------------------------- ----------
Итого                16


                    СТАНДАРТНЫЕ ТРАНЗАКЦИИ
          Данные не изменены

Код                  Наименование                             Результат
-------------------- ---------------------------------------- ----------
_i-pfroms            ПФР. Клиентский перевод                  успешно
-------------------- ---------------------------------------- ----------
Итого                1


                    ШАБЛОНЫ НОВЫХ ТРАНЗАКЦИЙ
          Данные не изменены

Код                  Наименование                             Результат
-------------------- ---------------------------------------- ----------
  20 op-entry        Инициализация        op-entry            успешно
  30 op-bank         Инициализация        op-bank             успешно
  10 opb             Инициализация        Ввод данных         успешно
  60 op-entry        Создание             op-entry1           успешно
  50 opb             Создание             Ввод данных         успешно
 100 PPFR2           Импорт               Ввод данных         успешно
-------------------- ---------------------------------------- ----------
Итого                6


                    РЕКВИЗИТЫ ШАБЛОНОВ ТРАНЗАКЦИЙ
          Данные не изменены

Код                  Наименование                             Результат
-------------------- ---------------------------------------- ----------
   1 acct-db         474228109016|                            успешно
   2 op-cod          000000      |                            успешно
   3 acct-cat        b           |                            успешно
   4 currency                    |                            успешно
   5 type            ВН          |                            успешно
   1 op-status       √           |                            успешно
   2 contract-date               |ДАТА()                      успешно
   3 doc-date                    |ДАТА()                      успешно
   4 op-date                     |ДАТА()                      успешно
   5 ins-date                    |ДАТА()                      успешно
   6 doc-type        01          |                            успешно
   7 order-pay       5           |                            успешно
   8 name-rec                    |                            успешно
   9 acct-rec                    |                            успешно
  10 doc-num                     |                            успешно
   1 acct-db                     |@AcctDb;                    успешно
   2 acct-cr                     |@AcctCr;                    успешно
   3 op-cod          000000      |                            успешно
   4 acct-cat        b           |                            успешно
   5 currency                    |                            успешно
   6 type            ВН          |                            успешно
   7 amt-rub                     |@AmtRub;                    успешно
   1 op-status       Ф           |                            успешно
   2 contract-date               |ДАТА();                     успешно
   3 doc-date                    |ДАТА();                     успешно
   4 op-date                     |ДАТА();                     успешно
   5 ins-date                    |ДАТА();                     успешно
   6 doc-type        01          |                            успешно
   7 order-pay       5           |                            успешно
   8 acct-cat        b           |                            успешно
   9 details                     |"Перевод средств."          успешно
  10 doc-num                     |СЧЕТЧИК(НАСТРОЙКА(Ст        успешно
  11 name-rec                    |                            успешно
  12 acct-rec                    |                            успешно
   1 Kind            ExchPFRDoc,E|                            успешно
   2 ClassError      ErrorPFR    |                            успешно
-------------------- ---------------------------------------- ----------
Итого                36


