

********************************************************************************

Импорт метаданных в базу.
Выполнил пользователь Фаворов Е.В.
16/12/2016    07:45:56


                    ЗАГРУЗКА СПЕЦПАТЧА (CONV)
                    ИЗ '/data/home2/bis/quit41d/src-local/43_BAV_depo/conv/'
                    КЛАССИФИКАТОРЫ
          Данные не изменены

Код                  Наименование                             Результат
-------------------- ---------------------------------------- ----------
ТипДогА              Типы договоров активных операций         успешно
ТипДогП              Типы договоров пассивных операций        успешно
LD                   Роли счетов для кредитов и депозитов     успешно
loan-acct            Роли счетов                              успешно
          Запись добавлена
ЦК                   БАНК НКЦ (АО)                            успешно
ОргРЕПО              Организации для сделок РЕПО              успешно
МежбанКРЕПО          Сделка обратного РЕПО                    успешно
МежбанДРЕПО          Сделка прямого РЕПО                      успешно
ДепРасч              Расчетный счет                           успешно
КредРасч             Расчетный счет                           успешно
-------------------- ---------------------------------------- ----------
Итого                10


                    ДОПРЕКВИЗИТЫ
          Данные не изменены

Код                  Наименование                             Результат
-------------------- ---------------------------------------- ----------
module               REFERENCE                | base          успешно
class-code           Sec                      | Indication    успешно
История              Sec                      | Да            успешно
module               Sec                      | base          успешно
ГрупТабл             ,ТипДогА                 | Договора      успешно
ГрупТабл             ,ТипДогП                 | Договора      успешно
ГрупТабл             ,loan-acct               | Систем        успешно
          Запись добавлена
class-code           IndicationAttr                           успешно
Маска                0                                        успешно
ФильтрИнтервал       Да                                       успешно
class-code           IndicationAttr                           успешно
Маска                0                                        успешно
ФильтрИнтервал       Да                                       успешно
class-code           IndicationAttr                           успешно
Маска                0                                        успешно
ФильтрИнтервал       Да                                       успешно
class-code           IndicationAttr                           успешно
Маска                0                                        успешно
ФильтрИнтервал       Да                                       успешно
class-code           IndicationAttr                           успешно
Маска                0                                        успешно
ФильтрИнтервал       Да                                       успешно
class-code           ОргРепо                  | Indication    успешно
История              ОргРепо                  | Да            успешно
ГрупТабл             ,ОргРЕПО                 | Договора      успешно
class-code           IndicationBlock                          успешно
-------------------- ---------------------------------------- ----------
Итого                26


                    КЛАССЫ ДАННЫХ
          Данные не изменены

Код                  Наименование                             Результат
-------------------- ---------------------------------------- ----------
Sec                  СПРАВОЧНИКИ ДЛЯ ЦЕННЫХ БУМАГ             успешно
REFERENCE            СПРАВОЧНИКИ                              успешно
          Запись добавлена
ОргРепо              Организации для сделок РЕПО              успешно
-------------------- ---------------------------------------- ----------
Итого                3


                    БЛОК ДАННЫХ
          Запись добавлена

Код                  Наименование                             Результат
-------------------- ---------------------------------------- ----------
ОргРепо                                                       успешно
-------------------- ---------------------------------------- ----------
Итого                1


                    ОЧЕТНЫЕ ДАННЫЕ
          Запись добавлена

Код                  Наименование                             Результат
-------------------- ---------------------------------------- ----------
                     0000                                     успешно
0000010207                                                    успешно
0000010207           840                                      успешно
0000010207           978                                      успешно
0000010208           Б                                        успешно
0000010209                              139690                успешно
0000010211           Б                                        успешно
0000010212                              139690                успешно
0000010214           Б                                        успешно
0000010215                              139690                успешно
-------------------- ---------------------------------------- ----------
Итого                10


                    ОПИСАНИЕ ПРАВИЛА
          Запись добавлена

Код                  Наименование                             Результат
-------------------- ---------------------------------------- ----------
acct                 Лицевой счет                             успешно
currency             Код валюты                               успешно
cust-cat             Тип клиента                              успешно
cust-id              Клиент N                                 успешно
filial-id            Код филиала                              успешно
-------------------- ---------------------------------------- ----------
Итого                5


                    КЛАССЫ МЕТАСХЕМЫ
          Данные не изменены

Код                  Наименование                             Результат
-------------------- ---------------------------------------- ----------
loan-repo-bm         Сделки прямого РЕПО                      успешно
loan-repo-lm         Сделки обратного РЕПО                    успешно
-------------------- ---------------------------------------- ----------
Итого                2


                    АТРИБУТЫ МЕТАСХЕМЫ
          Данные не изменены

Код                  Наименование                             Результат
-------------------- ---------------------------------------- ----------
cont-type            Тип договора                             успешно
cont-type            Тип договора                             успешно
          Данные изменены
list_type            Список типов счетов для авт. закрытия    успешно
БазаНач              База для начисления процентов            успешно
БазаСтав             Базовые Ставки по кот. начисляются проц. успешно
list_type            Список типов счетов для авт. закрытия    успешно
-------------------- ---------------------------------------- ----------
Итого                6




********************************************************************************

Импорт метаданных в базу.
Выполнил пользователь Фаворов Е.В.
16/12/2016    07:46:39


                    ЗАГРУЗКА СТАНДАРТНОГО ПАТЧА (CORE)
                    ИЗ ''
                    СТАНДАРТНЫЕ ТРАНЗАКЦИИ
          Запись добавлена

Код                  Наименование                             Результат
-------------------- ---------------------------------------- ----------
КонецМесРЕПО         Начисление %% по сделкам РЕПО в конце ме успешно
РЕПО_2a              ЦИКЛ РЕПО_2: 2-я часть одной сделки РЕПО успешно
РЕПОпроц             Начисление процентов по одной сделке РЕП успешно
КонецМесРЕПОa        ЦИКЛ КонецМесРЕПО: Одна сделка РЕПО      успешно
ПрямоеРЕПО_1         Сделка прямого РЕПО (1-я часть)          успешно
ОбратноеРЕПО_1       Сделка обратного РЕПО (1-я часть)        успешно
-------------------- ---------------------------------------- ----------
Итого                6


                    ЗАГРУЗКА СПЕЦПАТЧА (CONV)
                    ИЗ '/data/home2/bis/quit41d/src-local/43_BAV_depo/conv/'
                    КЛАССИФИКАТОРЫ
          Данные не изменены

Код                  Наименование                             Результат
-------------------- ---------------------------------------- ----------
ЦК                   БАНК НКЦ (АО)                            успешно
ОргРЕПО              Организации для сделок РЕПО              успешно
МежбанКРЕПО          Сделка обратного РЕПО                    успешно
ТипДогА              Типы договоров активных операций         успешно
МежбанДРЕПО          Сделка прямого РЕПО                      успешно
loan-acct            Роли счетов                              успешно
ТипДогП              Типы договоров пассивных операций        успешно
ДепРасч              Расчетный счет                           успешно
КредРасч             Расчетный счет                           успешно
LD                   Роли счетов для кредитов и депозитов     успешно
-------------------- ---------------------------------------- ----------
Итого                10


                    ДОПРЕКВИЗИТЫ
          Данные не изменены

Код                  Наименование                             Результат
-------------------- ---------------------------------------- ----------
История              Sec                      | Да            успешно
module               Sec                      | base          успешно
class-code           IndicationAttr                           успешно
Маска                0                                        успешно
ФильтрИнтервал       Да                                       успешно
Маска                0                                        успешно
module               REFERENCE                | base          успешно
class-code           Sec                      | Indication    успешно
class-code           IndicationAttr                           успешно
ФильтрИнтервал       Да                                       успешно
Маска                0                                        успешно
class-code           IndicationAttr                           успешно
ФильтрИнтервал       Да                                       успешно
class-code           ОргРепо                  | Indication    успешно
История              ОргРепо                  | Да            успешно
ГрупТабл             ,ОргРЕПО                 | Договора      успешно
ГрупТабл             ,ТипДогА                 | Договора      успешно
ГрупТабл             ,ТипДогП                 | Договора      успешно
ГрупТабл             ,loan-acct               | Систем        успешно
TmplOrder            20                                       успешно
TmplOrder            270                                      успешно
TmplOrder            270                                      успешно
TmplOrder            110                                      успешно
TmplOrder            70                                       успешно
class-code           IndicationBlock                          успешно
Маска                0                                        успешно
class-code           IndicationAttr                           успешно
ФильтрИнтервал       Да                                       успешно
Маска                0                                        успешно
class-code           IndicationAttr                           успешно
ФильтрИнтервал       Да                                       успешно
          Запись добавлена
Executable           Да                                       успешно
ProgressBar          Да                                       успешно
Transaction          Да                                       успешно
AttrOptimized        Нет                                      успешно
Transaction          Да                                       успешно
AttrOptimized        Нет                                      успешно
Transaction          Да                                       успешно
AttrOptimized        Нет                                      успешно
Transaction          Да                                       успешно
AttrOptimized        Нет                                      успешно
Transaction          Да                                       успешно
DisplayForms         Нет                                      успешно
СС_ВыводНаЭкран      Да                                       успешно
Transaction          Да                                       успешно
AttrOptimized        Нет                                      успешно
Transaction          Да                                       успешно
AttrOptimized        Нет                                      успешно
AttrOptimized        Нет                                      успешно
Transaction          Да                                       успешно
Transaction          Да                                       успешно
Transaction          Да                                       успешно
Transaction          Да                                       успешно
Transaction          Да                                       успешно
Transaction          Да                                       успешно
Transaction          Да                                       успешно
Transaction          Да                                       успешно
Transaction          Да                                       успешно
Transaction          Да                                       успешно
AttrOptimized        Нет                                      успешно
Transaction          Да                                       успешно
Transaction          Да                                       успешно
AttrOptimized        Нет                                      успешно
Transaction          Да                                       успешно
Transaction          Да                                       успешно
AttrOptimized        Нет                                      успешно
Transaction          Да                                       успешно
Transaction          Да                                       успешно
AttrOptimized        Нет                                      успешно
Transaction          Да                                       успешно
AttrOptimized        Нет                                      успешно
Transaction          Да                                       успешно
СС_ВыводНаЭкран      Да                                       успешно
СС_ВыводПрткл        Нет                                      успешно
DisplayForms         Нет                                      успешно
Executable           Да                                       успешно
parslib              ploan                                    успешно
ProgressBar          Да                                       успешно
Transaction          Да                                       успешно
AttrOptimized        Нет                                      успешно
Transaction          Да                                       успешно
AttrOptimized        Нет                                      успешно
Transaction          Да                                       успешно
AttrOptimized        Нет                                      успешно
Transaction          Да                                       успешно
AttrOptimized        Нет                                      успешно
Transaction          Да                                       успешно
AttrOptimized        Нет                                      успешно
Transaction          Да                                       успешно
AttrOptimized        Нет                                      успешно
Transaction          Да                                       успешно
AttrOptimized        Нет                                      успешно
Transaction          Да                                       успешно
AttrOptimized        Нет                                      успешно
Transaction          Да                                       успешно
Transaction          Да                                       успешно
Transaction          Да                                       успешно
Transaction          Да                                       успешно
Transaction          Да                                       успешно
Transaction          Да                                       успешно
Transaction          Да                                       успешно
Transaction          Да                                       успешно
Transaction          Да                                       успешно
AttrOptimized        Нет                                      успешно
Transaction          Да                                       успешно
Transaction          Да                                       успешно
AttrOptimized        Нет                                      успешно
Transaction          Да                                       успешно
Transaction          Да                                       успешно
AttrOptimized        Нет                                      успешно
Transaction          Да                                       успешно
Transaction          Да                                       успешно
AttrOptimized        Нет                                      успешно
Transaction          Да                                       успешно
AttrOptimized        Нет                                      успешно
Transaction          Да                                       успешно
СС_ВыводНаЭкран      Да                                       успешно
СС_ВыводПрткл        Нет                                      успешно
DisplayForms         Нет                                      успешно
Executable           Да                                       успешно
Transaction          Да                                       успешно
AttrOptimized        Нет                                      успешно
Transaction          Да                                       успешно
AttrOptimized        Нет                                      успешно
Transaction          Да                                       успешно
AttrOptimized        Нет                                      успешно
Executable           Да                                       успешно
ProgressBar          Да                                       успешно
Transaction          Да                                       успешно
СС_ВыводНаЭкран      Да                                       успешно
DisplayForms         Нет                                      успешно
Executable           Нет                                      успешно
ProgressBar          Да                                       успешно
Transaction          Да                                       успешно
AttrOptimized        Нет                                      успешно
Transaction          Да                                       успешно
AttrOptimized        Нет                                      успешно
Transaction          Да                                       успешно
AttrOptimized        Нет                                      успешно
Transaction          Да                                       успешно
Transaction          Да                                       успешно
AttrOptimized        Нет                                      успешно
Transaction          Да                                       успешно
СС_ВыводНаЭкран      Да                                       успешно
СС_ВыводПрткл        Нет                                      успешно
DisplayForms         Нет                                      успешно
Executable           Нет                                      успешно
parslib              ploan                                    успешно
ProgressBar          Да                                       успешно
Transaction          Да                                       успешно
Transaction          Да                                       успешно
AttrOptimized        Нет                                      успешно
Transaction          Да                                       успешно
Transaction          Да                                       успешно
AttrOptimized        Нет                                      успешно
Transaction          Да                                       успешно
Transaction          Да                                       успешно
AttrOptimized        Нет                                      успешно
Transaction          Да                                       успешно
AttrOptimized        Нет                                      успешно
Transaction          Да                                       успешно
СС_ВыводНаЭкран      Да                                       успешно
СС_ВыводПрткл        Нет                                      успешно
DisplayForms         Нет                                      успешно
Executable           Нет                                      успешно
parslib              ploan                                    успешно
ProgressBar          Да                                       успешно
Transaction          Да                                       успешно
Executable           Да                                       успешно
Transaction          Нет                                      успешно
Executable           Да                                       успешно
Transaction          Нет                                      успешно
DisplayForms         Нет                                      успешно
СС_ВыводПрткл        Нет                                      успешно
СС_ВыводНаЭкран      Да                                       успешно
Transaction          Да                                       успешно
ProgressBar          Да                                       успешно
parslib              ploan                                    успешно
-------------------- ---------------------------------------- ----------
Итого                178


                    КЛАССЫ ДАННЫХ
          Данные не изменены

Код                  Наименование                             Результат
-------------------- ---------------------------------------- ----------
ОргРепо              Организации для сделок РЕПО              успешно
REFERENCE            СПРАВОЧНИКИ                              успешно
Sec                  СПРАВОЧНИКИ ДЛЯ ЦЕННЫХ БУМАГ             успешно
-------------------- ---------------------------------------- ----------
Итого                3


                    БЛОК ДАННЫХ
          Данные не изменены

Код                  Наименование                             Результат
-------------------- ---------------------------------------- ----------
ОргРепо              Организации для сделок РЕПО              успешно
-------------------- ---------------------------------------- ----------
Итого                1


                    ОЧЕТНЫЕ ДАННЫЕ
          Данные не изменены

Код                  Наименование                             Результат
-------------------- ---------------------------------------- ----------
0000010209                              139690                успешно
0000010212                              139690                успешно
0000010214           Б                                        успешно
0000010215                              139690                успешно
0000010207           840                                      успешно
0000010207                                                    успешно
                     0000                                     успешно
0000010211           Б                                        успешно
0000010207           978                                      успешно
0000010208           Б                                        успешно
-------------------- ---------------------------------------- ----------
Итого                10


                    ОПИСАНИЕ ПРАВИЛА
          Данные не изменены

Код                  Наименование                             Результат
-------------------- ---------------------------------------- ----------
currency             Код валюты                               успешно
cust-cat             Тип клиента                              успешно
cust-id              Клиент N                                 успешно
filial-id            Код филиала                              успешно
acct                 Лицевой счет                             успешно
-------------------- ---------------------------------------- ----------
Итого                5


                    КЛАССЫ МЕТАСХЕМЫ
          Данные не изменены

Код                  Наименование                             Результат
-------------------- ---------------------------------------- ----------
loan-repo-bm         Сделки прямого РЕПО                      успешно
loan-repo-lm         Сделки обратного РЕПО                    успешно
-------------------- ---------------------------------------- ----------
Итого                2


                    АТРИБУТЫ МЕТАСХЕМЫ
          Данные не изменены

Код                  Наименование                             Результат
-------------------- ---------------------------------------- ----------
cont-type            Тип договора                             успешно
БазаСтав             Базовые Ставки по кот. начисляются проц. успешно
БазаНач              База для начисления процентов            успешно
list_type            Список типов счетов для авт. закрытия    успешно
cont-type            Тип договора                             успешно
list_type            Список типов счетов для авт. закрытия    успешно
-------------------- ---------------------------------------- ----------
Итого                6


                    СТАНДАРТНЫЕ ТРАНЗАКЦИИ
          Запись добавлена

Код                  Наименование                             Результат
-------------------- ---------------------------------------- ----------
РЕПО_2               2-ые части сделок РЕПО                   успешно
uРЕПО                Вспомогательные для РЕПО                 успешно
РЕПО                 Тестовые транзакции                      успешно
-------------------- ---------------------------------------- ----------
Итого                3


                    ШАБЛОНЫ НОВЫХ ТРАНЗАКЦИЙ
          Запись добавлена

Код                  Наименование                             Результат
-------------------- ---------------------------------------- ----------
  10 filter          Создание             Ввод данных         успешно
  20 filter          Создание             Ввод данных         успешно
  10 sec-code        Поиск с ош.          Ввод данных         успешно
  20 currency        Поиск с ош.          Ввод данных         успешно
  30 currency        Поиск                Ввод данных         успешно
  40 code            Поиск с ош.          Ввод данных         успешно
  50 acct            Нет действий         Ввод данных         успешно
  70 acctb           Создание             Ввод данных         успешно
  80 acctb           Создание             Ввод данных         успешно
  90 acctb           Создание             Ввод данных         успешно
 110 cd-cond         Создание             loan-cond           успешно
 120 comm-rate       Создание             commrate            успешно
 130 term-obl        Создание             term-obl            успешно
 140 term-obl        Создание             term-obl            успешно
 150 loan-acct       Создание             loan-acct           успешно
 160 loan-acct       Создание             loan-acct           успешно
 170 loan-acct       Создание             loan-acct           успешно
 180 loan-acct       Создание             loan-acct           успешно
 190 loan-acct       Создание             loan-acct           успешно
 100 loan-repo-lm    Создание             Ввод данных         успешно
 220 op-entry        ВизСоздание          op-entry1           успешно
 200 opb             ВизСоздание          Ввод данных         успешно
 240 op-entry        ВизСоздание          op-entry1           успешно
 230 opo             ВизСоздание          Ввод данных         успешно
 260 op-entry        ВизСоздание          op-entry1           успешно
 250 opo             ВизСоздание          Ввод данных         успешно
 270 acct            Нет действий         Ввод данных         успешно
  10 sec-code        Поиск с ош.          Ввод данных         успешно
  20 currency        Поиск с ош.          Ввод данных         успешно
  30 currency        Поиск                Ввод данных         успешно
  40 code            Поиск с ош.          Ввод данных         успешно
  50 acct            Нет действий         Ввод данных         успешно
  70 acctb           Создание             Ввод данных         успешно
  80 acctb           Создание             Ввод данных         успешно
  90 acctb           Создание             Ввод данных         успешно
 110 cd-cond         Создание             loan-cond           успешно
 120 comm-rate       Создание             commrate            успешно
 130 term-obl        Создание             term-obl            успешно
 150 loan-acct       Создание             loan-acct           успешно
 160 loan-acct       Создание             loan-acct           успешно
 170 loan-acct       Создание             loan-acct           успешно
 180 loan-acct       Создание             loan-acct           успешно
 190 loan-acct       Создание             loan-acct           успешно
 100 loan-repo-bm    Создание             Ввод данных         успешно
 220 op-entry        ВизСоздание          op-entry1           успешно
 200 opb             ВизСоздание          Ввод данных         успешно
 240 op-entry        ВизСоздание          op-entry1           успешно
 230 opo             ВизСоздание          Ввод данных         успешно
 260 op-entry        ВизСоздание          op-entry1           успешно
 250 opo             ВизСоздание          Ввод данных         успешно
 270 acct            Нет действий         Ввод данных         успешно
  10 loan            Поиск                Ввод данных         успешно
  20 sec-code        Поиск                Ввод данных         успешно
  30 code            Поиск                Ввод данных         успешно
 110 op-entry        ВизСоздание          op-entry1           успешно
 100 opb             ВизСоздание          Ввод данных         успешно
  20 op-entry        ВизСоздание          op-entry1           успешно
  10 opb             ВизСоздание          Ввод данных         успешно
  40 op-entry        ВизСоздание          op-entry1           успешно
  30 opb             ВизСоздание          Ввод данных         успешно
  60 op-entry        ВизСоздание          op-entry1           успешно
  50 opo             ВизСоздание          Ввод данных         успешно
  70 loan            Модификация          Ввод данных         успешно
-------------------- ---------------------------------------- ----------
Итого                63


                    РЕКВИЗИТЫ ШАБЛОНОВ ТРАНЗАКЦИЙ
          Запись добавлена

Код                  Наименование                             Результат
-------------------- ---------------------------------------- ----------
   1 tables          loan        |                            успешно
   2 buffers         ln          |                            успешно
   3 fields          ln.contract,|                            успешно
   4 where                       |"FOR EACH ln                успешно
   1 tables          loan        |                            успешно
   2 buffers         ln          |                            успешно
   3 fields          ln.contract,|                            успешно
   4 where                       |"FOR EACH ln                успешно
   1 sec-code                    |SEARCH(@__sec_code)         успешно
   1 currency                    |SEARCH(_if(@__cur_sd        успешно
   1 currency                    |SEARCH(_if(@__sec_cu        успешно
   1 class                       |SEARCH("ОргРЕПО")           успешно
   2 parent                      |SEARCH("ОргРЕПО")           успешно
   3 code                        |SEARCH(@__cust)             успешно
   1 acct-cat        b           |                            успешно
   2 bal-acct                    |@__kredit                   успешно
   3 side            А           |                            успешно
   4 open-date                   |ДАТА()                      успешно
   5 currency                    |@__cur_sd                   успешно
   6 cust-cat                    |@__cust_cat                 успешно
   7 cust-id                     |@__cust_id                  успешно
   8 user-id                     |ПОЛЬЗОВАТЕЛЬ()              успешно
   9 acct                        |НОМЕР_СЧЕТА("acctb",        успешно
  10 Details                     |"Прочие привлеченные        успешно
  11 rate-type                   |_if(@__cur_sd == "",        успешно
  12 sec-code                    |@__sec_code                 успешно
  13 offerdate                   |DATE(@__enddate + 1)        успешно
  14 contract        Кредит      |                            успешно
  15 kau-id          АналДог     |                            успешно
   1 acct-cat        b           |                            успешно
   2 bal-acct        47427       |                            успешно
   3 side            А           |                            успешно
   4 open-date                   |ДАТА()                      успешно
   5 currency                    |@__cur_sd                   успешно
   6 cust-cat                    |@__cust_cat                 успешно
   7 cust-id                     |@__cust_id                  успешно
   8 user-id                     |ПОЛЬЗОВАТЕЛЬ()              успешно
   9 acct                        |НОМЕР_СЧЕТА("acctb",        успешно
  10 Details                     |"Требования по получ        успешно
  11 rate-type                   |_if(@__cur_sd == "",        успешно
  12 sec-code                    |@__sec_code                 успешно
  13 kau-id          КредТ       |                            успешно
   1 acct-cat        o           |                            успешно
   2 bal-acct        91314       |                            успешно
   3 side            П           |                            успешно
   4 open-date                   |ДАТА()                      успешно
   5 currency                    |@__sec_cur                  успешно
   6 cust-cat                    |@__cust_cat                 успешно
   7 cust-id                     |@__cust_id                  успешно
   8 user-id                     |ПОЛЬЗОВАТЕЛЬ()              успешно
   9 acct                        |НОМЕР_СЧЕТА("accto",        успешно
  10 Details                     |"Ценные бумаги, полу        успешно
  11 rate-type                   |_if(@__sec_cur == ""        успешно
  12 sec-code                    |@__sec_code                 успешно
  13 kau-id          АналДогВ    |                            успешно
   1 cred-period     Кс          |                            успешно
   2 int-period      М           |                            успешно
   3 int-date        31          |                            успешно
   4 since                       |ДАТА()                      успешно
   5 NDays                       |ENTRY(1,@__dmy)             успешно
   6 NMonthes                    |ENTRY(2,@__dmy)             успешно
   7 NYears                      |ENTRY(3,@__dmy)             успешно
   1 comm-rate-curr              |@__cur_sd                   успешно
   2 commission      %Кред       |                            успешно
   3 rate-fixed      %           |                            успешно
   4 rate-comm                   |@__kred_pr                  успешно
   5 since                       |ДАТА()                      успешно
   1 amt-rub                     |@__summasd                  успешно
   2 nn              0           |                            успешно
   3 idnt            2           |                            успешно
   4 end-date                    |ДАТА()                      успешно
   5 fop-date                    |ДАТА()                      успешно
   6 currency                    |@__cur_sd                   успешно
   1 amt-rub                     |@__summasd                  успешно
   2 nn              0           |                            успешно
   3 idnt            5           |                            успешно
   4 end-date                    |@__enddate                  успешно
   5 fop-date                    |ДАТА()                      успешно
   6 ВидДогОб        КредОбБум   |                            успешно
   7 currency                    |@__cur_sd                   успешно
   8 НомДогОб        1           |                            успешно
   9 ВидОб           ЦенныеБумаги|                            успешно
  10 ДатаПост                    |ДАТА()                      успешно
  11 symbol                      |@__cust_cat                 успешно
  12 fop                         |@__cust_id                  успешно
  13 sop-offbal      001         |                            успешно
   1 acct-type       Кредит      |                            успешно
   2 currency                    |@__cur_sd                   успешно
   3 acct                        |@__kredit                   успешно
   4 since                       |ДАТА()                      успешно
   1 acct-type       КредТ       |                            успешно
   2 currency                    |@__cur_sd                   успешно
   3 acct                        |@__kredt                    успешно
   4 since                       |ДАТА()                      успешно
   1 acct-type       КредОбБум   |                            успешно
   2 currency                    |@__sec_cur                  успешно
   3 acct                        |@__kredob                   успешно
   4 since                       |ДАТА()                      успешно
   1 acct-type       КредПроц    |                            успешно
   2 currency                    |                            успешно
   3 acct                        |AddFilToAcct(СПРАВОЧ        успешно
   4 since                       |ДАТА()                      успешно
   1 acct-type       КредРасч    |                            успешно
   2 currency                    |@__cur_sd                   успешно
   3 acct                        |@__kredrasc                 успешно
   4 since                       |ДАТА()                      успешно
   1 cust-cat                    |@__cust_cat                 успешно
   2 cust-id                     |@__cust_id                  успешно
   3 cont-code                   |@__num_dog                  успешно
   4 open-date                   |ДАТА()                      успешно
   5 end-date                    |@__enddate                  успешно
   6 currency                    |@__cur_sd                   успешно
   7 sec-code                    |@__sec_code                 успешно
   8 contract        Кредит      |                            успешно
   9 since                       |ДАТА()                      успешно
  10 Груп_дог        -           |                            успешно
  11 ДатаСогл                    |ДАТА()                      успешно
  12 FEnd-date                   |@__enddate                  успешно
  13 СоглБКИ         нет         |                            успешно
   1 acct-db                     |@__kredit                   успешно
   2 acct-cr                     |@__kredrasc                 успешно
   3 currency                    |@__cur_sd                   успешно
   4 amt-rub                     |IF (@__cur_sd == "")        успешно
   5 amt-cur                     |IF (@__cur_sd == "")        успешно
   6 value-date                  |ДАТА()                      успешно
   7 op-cod          000000      |                            успешно
   8 type            ВН          |                            успешно
   9 acct-cat        b           |                            успешно
   1 acct-cat        b           |                            успешно
   2 op-status       √           |                            успешно
   3 doc-type        09          |                            успешно
   4 doc-num                     |СЧЕТЧИК("мемордер")         успешно
   5 details                     |"Отражение первой ча        успешно
   6 op-date                     |ДАТА()                      успешно
   7 doc-date                    |ДАТА()                      успешно
   8 due-date                    |ДАТА()                      успешно
   9 ins-date                    |ДАТА()                      успешно
  10 contract-date               |ДАТА()                      успешно
  11 order-pay       5           |                            успешно
   1 acct-db                     |СПРАВОЧНИКЗН("99999"        успешно
   2 acct-cr                     |@__kredob                   успешно
   3 currency                    |@__sec_cur                  успешно
   4 amt-rub                     |IF (@__sec_cur == ""        успешно
   5 amt-cur                     |IF (@__sec_cur == ""        успешно
   6 value-date                  |ДАТА()                      успешно
   7 op-cod          000000      |                            успешно
   8 type            ВН          |                            успешно
   9 acct-cat        o           |                            успешно
   1 acct-cat        o           |                            успешно
   2 op-status       √           |                            успешно
   3 doc-type        ВБО         |                            успешно
   4 doc-num                     |СЧЕТЧИК("мемордер")         успешно
   5 details                     |"Отражение справедли        успешно
   6 op-date                     |ДАТА()                      успешно
   7 doc-date                    |ДАТА()                      успешно
   8 due-date                    |ДАТА()                      успешно
   9 ins-date                    |ДАТА()                      успешно
  10 contract-date               |ДАТА()                      успешно
  11 order-pay       5           |                            успешно
   1 acct-db                     |IF @__pereoc THEN СП        успешно
   2 acct-cr                     |IF @__pereoc THEN @_        успешно
   3 currency                    |@__sec_cur                  успешно
   4 amt-rub                     |IF (@__sec_cur == ""        успешно
   5 amt-cur                     |IF (@__sec_cur == ""        успешно
   6 value-date                  |ДАТА()                      успешно
   7 op-cod          000000      |                            успешно
   8 type            ВН          |                            успешно
   9 acct-cat        o           |                            успешно
   1 acct-cat        o           |                            успешно
   2 op-status       √           |                            успешно
   3 doc-type        ВБО         |                            успешно
   4 doc-num                     |СЧЕТЧИК("мемордер")         успешно
   5 details                     |_if(@__pereoc,"Увели        успешно
   6 op-date                     |ДАТА()                      успешно
   7 doc-date                    |ДАТА()                      успешно
   8 due-date                    |ДАТА()                      успешно
   9 ins-date                    |ДАТА()                      успешно
  10 contract-date               |ДАТА()                      успешно
  11 order-pay       5           |                            успешно
   1 sec-code                    |SEARCH(@__sec_code)         успешно
   1 currency                    |SEARCH(_if(@__cur_sd        успешно
   1 currency                    |SEARCH(_if(@__sec_cu        успешно
   1 class                       |SEARCH("ОргРЕПО")           успешно
   2 parent                      |SEARCH("ОргРЕПО")           успешно
   3 code                        |SEARCH(@__cust)             успешно
   1 acct-cat        b           |                            успешно
   2 bal-acct                    |@__depoz                    успешно
   3 side            П           |                            успешно
   4 open-date                   |ДАТА()                      успешно
   5 currency                    |@__cur_sd                   успешно
   6 cust-cat                    |@__cust_cat                 успешно
   7 cust-id                     |@__cust_id                  успешно
   8 user-id                     |ПОЛЬЗОВАТЕЛЬ()              успешно
   9 acct                        |НОМЕР_СЧЕТА("acctb",        успешно
  10 Details                     |"Прочие привлеченные        успешно
  11 rate-type                   |_if(@__cur_sd == "",        успешно
  12 sec-code                    |@__sec_code                 успешно
  13 offerdate                   |DATE(@__enddate + 1)        успешно
  14 contract        Депоз       |                            успешно
  15 kau-id          АналДог     |                            успешно
   1 acct-cat        b           |                            успешно
   2 bal-acct        47426       |                            успешно
   3 side            П           |                            успешно
   4 open-date                   |ДАТА()                      успешно
   5 currency                    |@__cur_sd                   успешно
   6 cust-cat                    |@__cust_cat                 успешно
   7 cust-id                     |@__cust_id                  успешно
   8 user-id                     |ПОЛЬЗОВАТЕЛЬ()              успешно
   9 acct                        |НОМЕР_СЧЕТА("acctb",        успешно
  10 Details                     |"Обязательства по уп        успешно
  11 rate-type                   |_if(@__cur_sd == "",        успешно
  12 sec-code                    |@__sec_code                 успешно
  13 kau-id          ДепТ        |                            успешно
   1 acct-cat        o           |                            успешно
   2 bal-acct        91419       |                            успешно
   3 side            А           |                            успешно
   4 open-date                   |ДАТА()                      успешно
   5 currency                    |@__sec_cur                  успешно
   6 cust-cat                    |@__cust_cat                 успешно
   7 cust-id                     |@__cust_id                  успешно
   8 user-id                     |ПОЛЬЗОВАТЕЛЬ()              успешно
   9 acct                        |НОМЕР_СЧЕТА("accto",        успешно
  10 Details                     |"Ценные бумаги, пере        успешно
  11 rate-type                   |_if(@__sec_cur == ""        успешно
  12 sec-code                    |@__sec_code                 успешно
  13 kau-id          АналДог     |                            успешно
   1 cred-period     Кс          |                            успешно
   2 int-period      М           |                            успешно
   3 int-date        31          |                            успешно
   4 since                       |ДАТА()                      успешно
   5 NDays                       |ENTRY(1,@__dmy)             успешно
   6 NMonthes                    |ENTRY(2,@__dmy)             успешно
   7 NYears                      |ENTRY(3,@__dmy)             успешно
   1 comm-rate-curr              |@__cur_sd                   успешно
   2 commission      %Деп        |                            успешно
   3 rate-fixed      %           |                            успешно
   4 rate-comm                   |@__dep_pr                   успешно
   5 since                       |ДАТА()                      успешно
   1 amt-rub                     |@__summasd                  успешно
   2 nn              0           |                            успешно
   3 idnt            2           |                            успешно
   4 end-date                    |ДАТА()                      успешно
   5 fop-date                    |ДАТА()                      успешно
   6 currency                    |@__cur_sd                   успешно
   1 acct-type       Депоз       |                            успешно
   2 currency                    |@__cur_sd                   успешно
   3 acct                        |@__depoz                    успешно
   4 since                       |ДАТА()                      успешно
   1 acct-type       ДепТ        |                            успешно
   2 currency                    |@__cur_sd                   успешно
   3 acct                        |@__dept                     успешно
   4 since                       |ДАТА()                      успешно
   1 acct-type       КредОбБум   |                            успешно
   2 currency                    |@__sec_cur                  успешно
   3 acct                        |@__kredob                   успешно
   4 since                       |ДАТА()                      успешно
   1 acct-type       ДепПроц     |                            успешно
   2 currency                    |                            успешно
   3 acct                        |AddFilToAcct(СПРАВОЧ        успешно
   4 since                       |ДАТА()                      успешно
   1 acct-type       ДепРасч     |                            успешно
   2 currency                    |@__cur_sd                   успешно
   3 acct                        |@__deprasc                  успешно
   4 since                       |ДАТА()                      успешно
   1 cust-cat                    |@__cust_cat                 успешно
   2 cust-id                     |@__cust_id                  успешно
   3 cont-code                   |@__num_dog                  успешно
   4 open-date                   |ДАТА()                      успешно
   5 end-date                    |@__enddate                  успешно
   6 currency                    |@__cur_sd                   успешно
   7 sec-code                    |@__sec_code                 успешно
   8 contract        Депоз       |                            успешно
   9 since                       |ДАТА()                      успешно
  10 Груп_дог        -           |                            успешно
  11 ДатаСогл                    |ДАТА()                      успешно
  12 УслДепДог       простой     |                            успешно
   1 acct-db                     |@__deprasc                  успешно
   2 acct-cr                     |@__depoz                    успешно
   3 currency                    |@__cur_sd                   успешно
   4 amt-rub                     |IF (@__cur_sd == "")        успешно
   5 amt-cur                     |IF (@__cur_sd == "")        успешно
   6 value-date                  |ДАТА()                      успешно
   7 op-cod          000000      |                            успешно
   8 type            ВН          |                            успешно
   9 acct-cat        b           |                            успешно
   1 acct-cat        b           |                            успешно
   2 op-status       √           |                            успешно
   3 doc-type        09          |                            успешно
   4 doc-num                     |СЧЕТЧИК("мемордер")         успешно
   5 details                     |"Отражение первой ча        успешно
   6 op-date                     |ДАТА()                      успешно
   7 doc-date                    |ДАТА()                      успешно
   8 due-date                    |ДАТА()                      успешно
   9 ins-date                    |ДАТА()                      успешно
  10 contract-date               |ДАТА()                      успешно
  11 order-pay       5           |                            успешно
   1 acct-db                     |@__kredob                   успешно
   2 acct-cr                     |СПРАВОЧНИКЗН("99999"        успешно
   3 currency                    |@__sec_cur                  успешно
   4 amt-rub                     |IF (@__sec_cur == ""        успешно
   5 amt-cur                     |IF (@__sec_cur == ""        успешно
   6 value-date                  |ДАТА()                      успешно
   7 op-cod          000000      |                            успешно
   8 type            ВН          |                            успешно
   9 acct-cat        o           |                            успешно
   1 acct-cat        o           |                            успешно
   2 op-status       √           |                            успешно
   3 doc-type        ВБО         |                            успешно
   4 doc-num                     |СЧЕТЧИК("мемордер")         успешно
   5 details                     |"Отражение справедли        успешно
   6 op-date                     |ДАТА()                      успешно
   7 doc-date                    |ДАТА()                      успешно
   8 due-date                    |ДАТА()                      успешно
   9 ins-date                    |ДАТА()                      успешно
  10 contract-date               |ДАТА()                      успешно
  11 order-pay       5           |                            успешно
   1 acct-db                     |IF @__pereoc THEN @_        успешно
   2 acct-cr                     |IF @__pereoc THEN СП        успешно
   3 currency                    |@__sec_cur                  успешно
   4 amt-rub                     |IF (@__sec_cur == ""        успешно
   5 amt-cur                     |IF (@__sec_cur == ""        успешно
   6 value-date                  |ДАТА()                      успешно
   7 op-cod          000000      |                            успешно
   8 type            ВН          |                            успешно
   9 acct-cat        o           |                            успешно
   1 acct-cat        o           |                            успешно
   2 op-status       √           |                            успешно
   3 doc-type        ВБО         |                            успешно
   4 doc-num                     |СЧЕТЧИК("мемордер")         успешно
   5 details                     |_if(@__pereoc,"Увели        успешно
   6 op-date                     |ДАТА()                      успешно
   7 doc-date                    |ДАТА()                      успешно
   8 due-date                    |ДАТА()                      успешно
   9 ins-date                    |ДАТА()                      успешно
  10 contract-date               |ДАТА()                      успешно
  11 order-pay       5           |                            успешно
   1 contract                    |SEARCH(@__contract)         успешно
   2 cont-code                   |SEARCH(@__num_dog)          успешно
   1 sec-code                    |SEARCH(@__sec_code)         успешно
   1 class                       |SEARCH("ОргРЕПО")           успешно
   2 parent                      |SEARCH("ОргРЕПО")           успешно
   3 val                         |SEARCH(@__cust)             успешно
   1 acct-db                     |СЧЕТ_ПО_РОЛИ(@__cont        успешно
   2 acct-cr                     |СЧЕТ_ПО_РОЛИ(@__cont        успешно
   3 currency                    |@__cur_sd                   успешно
   4 amt-rub                     |IF (@__cur_sd == "")        успешно
   5 amt-cur                     |IF (@__cur_sd == "")        успешно
   6 value-date                  |ДАТА()                      успешно
   7 op-cod          000000      |                            успешно
   8 type            ВН          |                            успешно
   9 acct-cat        b           |                            успешно
   1 acct-cat        b           |                            успешно
   2 op-status       √           |                            успешно
   3 doc-type        09          |                            успешно
   4 doc-num                     |СЧЕТЧИК("мемордер")         успешно
   5 details                     |"Отражение суммы про        успешно
   6 op-date                     |ДАТА()                      успешно
   7 doc-date                    |ДАТА()                      успешно
   8 due-date                    |ДАТА()                      успешно
   9 ins-date                    |ДАТА()                      успешно
  10 contract-date               |ДАТА()                      успешно
  11 order-pay       5           |                            успешно
   1 acct-db                     |СЧЕТ_ПО_РОЛИ(@__cont        успешно
   2 acct-cr                     |СЧЕТ_ПО_РОЛИ(@__cont        успешно
   3 currency                    |@__cur_sd                   успешно
   4 amt-rub                     |IF (@__cur_sd == "")        успешно
   5 amt-cur                     |IF (@__cur_sd == "")        успешно
   6 value-date                  |ДАТА()                      успешно
   7 op-cod          000000      |                            успешно
   8 type            ВН          |                            успешно
   9 acct-cat        b           |                            успешно
   1 acct-cat        b           |                            успешно
   2 op-status       √           |                            успешно
   3 doc-type        09          |                            успешно
   4 doc-num                     |СЧЕТЧИК("мемордер")         успешно
   5 details                     |"Отражение второй ча        успешно
   6 op-date                     |ДАТА()                      успешно
   7 doc-date                    |ДАТА()                      успешно
   8 due-date                    |ДАТА()                      успешно
   9 ins-date                    |ДАТА()                      успешно
  10 contract-date               |ДАТА()                      успешно
  11 order-pay       5           |                            успешно
   1 acct-db                     |СЧЕТ_ПО_РОЛИ(@__cont        успешно
   2 acct-cr                     |СЧЕТ_ПО_РОЛИ(@__cont        успешно
   3 currency                    |@__cur_sd                   успешно
   4 amt-rub                     |IF (@__cur_sd == "")        успешно
   5 amt-cur                     |IF (@__cur_sd == "")        успешно
   6 value-date                  |ДАТА()                      успешно
   7 op-cod          000000      |                            успешно
   8 type            ВН          |                            успешно
   9 acct-cat        b           |                            успешно
   1 acct-cat        b           |                            успешно
   2 op-status       √           |                            успешно
   3 doc-type        09          |                            успешно
   4 doc-num                     |СЧЕТЧИК("мемордер")         успешно
   5 details                     |"Отражение суммы про        успешно
   6 op-date                     |ДАТА()                      успешно
   7 doc-date                    |ДАТА()                      успешно
   8 due-date                    |ДАТА()                      успешно
   9 ins-date                    |ДАТА()                      успешно
  10 contract-date               |ДАТА()                      успешно
  11 order-pay       5           |                            успешно
   1 acct-db                     |IF @__vid THEN   СПР        успешно
   2 acct-cr                     |IF @__vid THEN   СЧЕ        успешно
   3 currency                    |@__sec_cur                  успешно
   4 amt-rub                     |IF (@__sec_cur == ""        успешно
   5 amt-cur                     |IF (@__sec_cur == ""        успешно
   6 value-date                  |ДАТА()                      успешно
   7 op-cod          000000      |                            успешно
   8 type            ВН          |                            успешно
   9 acct-cat        o           |                            успешно
   1 acct-cat        o           |                            успешно
   2 op-status       √           |                            успешно
   3 doc-type        ВБО         |                            успешно
   4 doc-num                     |СЧЕТЧИК("мемордер")         успешно
   5 details                     |"Списание справедлив        успешно
   6 op-date                     |ДАТА()                      успешно
   7 doc-date                    |ДАТА()                      успешно
   8 due-date                    |ДАТА()                      успешно
   9 ins-date                    |ДАТА()                      успешно
  10 contract-date               |ДАТА()                      успешно
  11 order-pay       5           |                            успешно
   1 contract                    |SEARCH(@__contract)         успешно
   2 cont-code                   |SEARCH(@__num_dog)          успешно
   3 loan-status     ЗАКР        |                            успешно
   4 close-date                  |ДАТА()                      успешно
-------------------- ---------------------------------------- ----------
Итого                426




********************************************************************************

Импорт метаданных в базу.
Выполнил пользователь Фаворов Е.В.
16/12/2016    07:47:25


                    ЗАГРУЗКА СПЕЦПАТЧА (CONV)
                    ИЗ '/data/home2/bis/quit41d/src-local/43_BAV_depo/conv/'
                    КЛАССИФИКАТОРЫ
          Данные не изменены

Код                  Наименование                             Результат
-------------------- ---------------------------------------- ----------
ЦК                   БАНК НКЦ (АО)                            успешно
ОргРЕПО              Организации для сделок РЕПО              успешно
МежбанКРЕПО          Сделка обратного РЕПО                    успешно
ТипДогА              Типы договоров активных операций         успешно
МежбанДРЕПО          Сделка прямого РЕПО                      успешно
ТипДогП              Типы договоров пассивных операций        успешно
ДепРасч              Расчетный счет                           успешно
КредРасч             Расчетный счет                           успешно
LD                   Роли счетов для кредитов и депозитов     успешно
loan-acct            Роли счетов                              успешно
-------------------- ---------------------------------------- ----------
Итого                10


                    ДОПРЕКВИЗИТЫ
          Данные не изменены

Код                  Наименование                             Результат
-------------------- ---------------------------------------- ----------
module               REFERENCE                | base          успешно
class-code           Sec                      | Indication    успешно
История              Sec                      | Да            успешно
module               Sec                      | base          успешно
class-code           IndicationAttr                           успешно
Маска                0                                        успешно
ФильтрИнтервал       Да                                       успешно
class-code           IndicationAttr                           успешно
Маска                0                                        успешно
ФильтрИнтервал       Да                                       успешно
class-code           IndicationAttr                           успешно
Маска                0                                        успешно
ФильтрИнтервал       Да                                       успешно
class-code           IndicationAttr                           успешно
Маска                0                                        успешно
ФильтрИнтервал       Да                                       успешно
class-code           IndicationAttr                           успешно
Маска                0                                        успешно
ФильтрИнтервал       Да                                       успешно
class-code           ОргРепо                  | Indication    успешно
История              ОргРепо                  | Да            успешно
ГрупТабл             ,ОргРЕПО                 | Договора      успешно
ГрупТабл             ,ТипДогА                 | Договора      успешно
ГрупТабл             ,ТипДогП                 | Договора      успешно
ГрупТабл             ,loan-acct               | Систем        успешно
class-code           IndicationBlock                          успешно
-------------------- ---------------------------------------- ----------
Итого                26


                    КЛАССЫ ДАННЫХ
          Данные не изменены

Код                  Наименование                             Результат
-------------------- ---------------------------------------- ----------
ОргРепо              Организации для сделок РЕПО              успешно
Sec                  СПРАВОЧНИКИ ДЛЯ ЦЕННЫХ БУМАГ             успешно
REFERENCE            СПРАВОЧНИКИ                              успешно
-------------------- ---------------------------------------- ----------
Итого                3


                    БЛОК ДАННЫХ
          Данные не изменены

Код                  Наименование                             Результат
-------------------- ---------------------------------------- ----------
ОргРепо              Организации для сделок РЕПО              успешно
-------------------- ---------------------------------------- ----------
Итого                1


                    ОЧЕТНЫЕ ДАННЫЕ
          Данные не изменены

Код                  Наименование                             Результат
-------------------- ---------------------------------------- ----------
                     0000                                     успешно
0000010207                                                    успешно
0000010207           840                                      успешно
0000010207           978                                      успешно
0000010208           Б                                        успешно
0000010209                              139690                успешно
0000010211           Б                                        успешно
0000010212                              139690                успешно
0000010214           Б                                        успешно
0000010215                              139690                успешно
-------------------- ---------------------------------------- ----------
Итого                10


                    ОПИСАНИЕ ПРАВИЛА
          Данные не изменены

Код                  Наименование                             Результат
-------------------- ---------------------------------------- ----------
acct                 Лицевой счет                             успешно
currency             Код валюты                               успешно
cust-cat             Тип клиента                              успешно
cust-id              Клиент N                                 успешно
filial-id            Код филиала                              успешно
-------------------- ---------------------------------------- ----------
Итого                5


                    КЛАССЫ МЕТАСХЕМЫ
          Данные не изменены

Код                  Наименование                             Результат
-------------------- ---------------------------------------- ----------
loan-repo-bm         Сделки прямого РЕПО                      успешно
loan-repo-lm         Сделки обратного РЕПО                    успешно
-------------------- ---------------------------------------- ----------
Итого                2


                    АТРИБУТЫ МЕТАСХЕМЫ
          Данные не изменены

Код                  Наименование                             Результат
-------------------- ---------------------------------------- ----------
cont-type            Тип договора                             успешно
list_type            Список типов счетов для авт. закрытия    успешно
БазаНач              База для начисления процентов            успешно
БазаСтав             Базовые Ставки по кот. начисляются проц. успешно
cont-type            Тип договора                             успешно
list_type            Список типов счетов для авт. закрытия    успешно
-------------------- ---------------------------------------- ----------
Итого                6


