------------------------------------------------------------------------------------------------------------------------------------------------------
16/12/16 07:44:17           Общесистемный процесс.
       1 07:45:57 4  Существуют данныеЗАГРУЗКА ОБНОВЛЕНИЙ СИСТЕМЫпо филиалу 0000 ГБ-Мскза 16 декабря 2016 г.Пересчитать их? <sv-clc.p>
       1 07:45:58 1  Компиляция файла /data/home2/bis/quit41d/src-local/43_BAV_depo/conv/konecmesrepo[.opd.prep прошла успешно (cmpl19) <cmpopkd.p>
       1 07:45:59 1  Компиляция файла /data/home2/bis/quit41d/src-local/43_BAV_depo/conv/konecmesrepo[a.opd.prep прошла успешно (cmpl19) <cmpopkd.p>
       1 07:46:01 1  Компиляция файла /data/home2/bis/quit41d/src-local/43_BAV_depo/conv/obratnoerepo_1[.opd.prep прошла успешно (cmpl19) <cmpopkd.p>
       1 07:46:03 1  Компиляция файла /data/home2/bis/quit41d/src-local/43_BAV_depo/conv/prwamoerepo_1[.opd.prep прошла успешно (cmpl19) <cmpopkd.p>
       1 07:46:04 1  Компиляция файла /data/home2/bis/quit41d/src-local/43_BAV_depo/conv/repoproc[.opd.prep прошла успешно (cmpl19) <cmpopkd.p>
       2 07:46:04 1  Компиляция файла /data/home2/bis/quit41d/src-local/43_BAV_depo/conv/repo[.opd.prep прошла успешно (cmpl19) <cmpopkd.p>
       1 07:46:04 1  Компиляция файла /data/home2/bis/quit41d/src-local/43_BAV_depo/conv/repo_2[.opd.prep прошла успешно (cmpl19) <cmpopkd.p>
       1 07:46:05 1  Компиляция файла /data/home2/bis/quit41d/src-local/43_BAV_depo/conv/repo_2[a.opd.prep прошла успешно (cmpl19) <cmpopkd.p>
       2 07:46:05 1  Компиляция файла /data/home2/bis/quit41d/src-local/43_BAV_depo/conv/u[repo[.opd.prep прошла успешно (cmpl19) <cmpopkd.p>
       3 07:47:13 4  Существуют данныеЗАГРУЗКА ОБНОВЛЕНИЙ СИСТЕМЫпо филиалу 0000 ГБ-Мскза 16 декабря 2016 г.Пересчитать их? <sv-clc.p>
       4 07:47:26 4  Существуют данныеЗАГРУЗКА ОБНОВЛЕНИЙ СИСТЕМЫпо филиалу 0000 ГБ-Мскза 16 декабря 2016 г.Пересчитать их? <sv-clc.p>
       1 07:47:27 1  Компиляция файла /data/home2/bis/quit41d/src-local/43_BAV_depo/conv/konecmesrepo[.opd.prep прошла успешно (cmpl19) <cmpopkd.p>
       1 07:47:27 1  Компиляция файла /data/home2/bis/quit41d/src-local/43_BAV_depo/conv/konecmesrepo[a.opd.prep прошла успешно (cmpl19) <cmpopkd.p>
       1 07:47:29 1  Компиляция файла /data/home2/bis/quit41d/src-local/43_BAV_depo/conv/obratnoerepo_1[.opd.prep прошла успешно (cmpl19) <cmpopkd.p>
       1 07:47:32 1  Компиляция файла /data/home2/bis/quit41d/src-local/43_BAV_depo/conv/prwamoerepo_1[.opd.prep прошла успешно (cmpl19) <cmpopkd.p>
       1 07:47:33 1  Компиляция файла /data/home2/bis/quit41d/src-local/43_BAV_depo/conv/repoproc[.opd.prep прошла успешно (cmpl19) <cmpopkd.p>
       2 07:47:33 1  Компиляция файла /data/home2/bis/quit41d/src-local/43_BAV_depo/conv/repo[.opd.prep прошла успешно (cmpl19) <cmpopkd.p>
       1 07:47:34 1  Компиляция файла /data/home2/bis/quit41d/src-local/43_BAV_depo/conv/repo_2[.opd.prep прошла успешно (cmpl19) <cmpopkd.p>
       1 07:47:34 1  Компиляция файла /data/home2/bis/quit41d/src-local/43_BAV_depo/conv/repo_2[a.opd.prep прошла успешно (cmpl19) <cmpopkd.p>
       2 07:47:35 1  Компиляция файла /data/home2/bis/quit41d/src-local/43_BAV_depo/conv/u[repo[.opd.prep прошла успешно (cmpl19) <cmpopkd.p>
