0066026a.p
a-in.p
a-initnt.p
a-inmbp.p
a-io(gr).p
a-io-gr.p
a-la(rst.p
a-mv(gr).p
a-trans.p
af-amor.p
af-ex.p
af-move.p
af-over.p
af-wr(gr.p
as-ex.p
as-out.p
clg-cr.p
conv7506.p
dps-tr-t.p
dps-tr.p
dps-tr1.p
dps-tr1a.p
dps-tr1w.p
g-cash1.p
g-casho.p
g-casho1.p
g-commun.p
g-cr.p
g-cr1.p
g-cr2.p
g-cr2unk.p
g-dcl.p
g-dcl1.p
g-dcltr.p
g-dcltr1.p
g-dps1.p
g-drow.p
g-intpay.p
g-nach3.p
g-nach31.p
g-nach33.p
g-nach4.p
g-nach_t.p
gr_kau.p
gr_prol.p
gr_prol1.p
gr_prol3.p
gr_prola.p
g_buysel.p
g_doloan.p
g_recond.p
g_srocpr.p
loan_op.p
open_flt.p
op_flt.p
t-card.p
tcg-open.p
tcg-pr1.p
tcg-pr2.p
tcg-rt.p
tcg-tr.p
v-commun.p
