

********************************************************************************

Импорт метаданных в базу.
Выполнил пользователь Фаворов Е.В.
19/01/2017    11:46:05


                    ЗАГРУЗКА СПЕЦПАТЧА (CONV)
                    ИЗ '/data/home2/bis/quit41d/src-local/50_BAV_klient_na_dokumente/conv/'
                    АТРИБУТЫ МЕТАСХЕМЫ
          Запись добавлена

Код                  Наименование                             Результат
-------------------- ---------------------------------------- ----------
ben-id               Индекс клиента                           успешно
-------------------- ---------------------------------------- ----------
Итого                1




********************************************************************************

Импорт метаданных в базу.
Выполнил пользователь Фаворов Е.В.
19/01/2017    11:46:15


                    ЗАГРУЗКА СПЕЦПАТЧА (CONV)
                    ИЗ '/data/home2/bis/quit41d/src-local/50_BAV_klient_na_dokumente/conv/'
                    АТРИБУТЫ МЕТАСХЕМЫ
          Данные не изменены

Код                  Наименование                             Результат
-------------------- ---------------------------------------- ----------
ben-id               Индекс клиента                           успешно
-------------------- ---------------------------------------- ----------
Итого                1


