

********************************************************************************

Импорт метаданных в базу.
Выполнил пользователь Гуров В.А.
04/08/2016    14:46:35


                    ЗАГРУЗКА СПЕЦПАТЧА (CONV)
                    ИЗ '/home/gva/teamtrack/0288331/conv/'
                    КЛАССИФИКАТОРЫ
          Данные не изменены

Код                  Наименование                             Результат
-------------------- ---------------------------------------- ----------
СчетаОш              Сообщения от службы счетов               успешно
ЯдроОш               Сообщения системного ядра                успешно
КодОш                Виды сообщений об ошибках                успешно
          Запись добавлена
acctr02              Клиент - банкрот                         успешно
acctr03              Клиент - банкрот                         успешно
3                    Вопрос с вариантами                      успешно
КодОшТипКом          Типы системных сообщений                 успешно
-------------------- ---------------------------------------- ----------
Итого                7


                    ДОПРЕКВИЗИТЫ
          Данные не изменены

Код                  Наименование                             Результат
-------------------- ---------------------------------------- ----------
ГрупТабл             ,КодОш                   | Систем        успешно
          Запись добавлена
ГрупТабл             ,КодОшТипКом             | Прочие        успешно
-------------------- ---------------------------------------- ----------
Итого                2


                    НАСТРОЕЧНЫЕ ПАРАМЕТРЫ
          Запись добавлена

Код                  Наименование                             Результат
-------------------- ---------------------------------------- ----------
КонтрВкл             Включить контроль счетов банкротов       успешно
НазнБанкрСч          Назначения счетов банкротов              успешно
НазнСпецСч           Назначения специальных счетов            успешно
СтадииБанкр          Стадии банкротства                       успешно
БанкрКонтр           Параметры контроля счетов банкротов      успешно
-------------------- ---------------------------------------- ----------
Итого                5


                    АТРИБУТЫ МЕТАСХЕМЫ
          Запись добавлена

Код                  Наименование                             Результат
-------------------- ---------------------------------------- ----------
ПрБанкрот            Процедура банкротства                    успешно
-------------------- ---------------------------------------- ----------
Итого                1




********************************************************************************

Импорт метаданных в базу.
Выполнил пользователь Гуров В.А.
04/08/2016    14:49:32


                    ЗАГРУЗКА СПЕЦПАТЧА (CONV)
                    ИЗ '/home/gva/teamtrack/0288331/conv/'
                    ДОПРЕКВИЗИТЫ
          Данные не изменены

Код                  Наименование                             Результат
-------------------- ---------------------------------------- ----------
AttrOptimized        Нет                                      успешно
Transaction          Да                                       успешно
AttrOptimized        Нет                                      успешно
Transaction          Да                                       успешно
AttrOptimized        Нет                                      успешно
Transaction          Да                                       успешно
AttrOptimized        Нет                                      успешно
Transaction          Да                                       успешно
AttrOptimized        Нет                                      успешно
Transaction          Да                                       успешно
AttrOptimized        Нет                                      успешно
Transaction          Да                                       успешно
AttrOptimized        Нет                                      успешно
Transaction          Да                                       успешно
AttrOptimized        Нет                                      успешно
Transaction          Да                                       успешно
AttrOptimized        Нет                                      успешно
Transaction          Да                                       успешно
AttrOptimized        Нет                                      успешно
Transaction          Да                                       успешно
Transaction          Да                                       успешно
Transaction          Да                                       успешно
Transaction          Да                                       успешно
Transaction          Да                                       успешно
УчетДокК2            Отменить                                 успешно
AttrOptimized        Нет                                      успешно
Transaction          Да                                       успешно
Transaction          Да                                       успешно
AttrOptimized        Нет                                      успешно
Transaction          Да                                       успешно
Transaction          Да                                       успешно
Transaction          Да                                       успешно
УчетДокК2            Отменить                                 успешно
AttrOptimized        Нет                                      успешно
Transaction          Да                                       успешно
Transaction          Да                                       успешно
AttrOptimized        Нет                                      успешно
Transaction          Да                                       успешно
РучВводНР            Да                                       успешно
СС_АвтоОтвет         core55=Продолжить                        успешно
СС_ВыводНаЭкран      Да                                       успешно
Executable           Нет                                      успешно
NoBlockMsg           Да                                       успешно
parslib              pacct,pcrd                               успешно
ProgressBar          Да                                       успешно
TmplOrder            150                                      успешно
Transaction          Да                                       успешно
-------------------- ---------------------------------------- ----------
Итого                47


                    СТАНДАРТНЫЕ ТРАНЗАКЦИИ
          Данные не изменены

Код                  Наименование                             Результат
-------------------- ---------------------------------------- ----------
_BLC2_1S             Создание документов (списание из КБС пол успешно
-------------------- ---------------------------------------- ----------
Итого                1


                    ШАБЛОНЫ НОВЫХ ТРАНЗАКЦИЙ
          Данные не изменены

Код                  Наименование                             Результат
-------------------- ---------------------------------------- ----------
  10 opo             Поиск                Ввод данных         успешно
  15 op-entry        Поиск с ош.          Ввод данных         успешно
  17 op-entry        Поиск с ош.          Ввод данных         успешно
  20 acct            Поиск с ош.          Ввод данных         успешно
  30 acct            Поиск с ош.          Ввод данных         успешно
  35 Filter          Создание             Ввод данных         успешно
  36 Filter          Создание             Ввод данных         успешно
  38 op-bank         Поиск с ош.          Ввод данных         успешно
  49 op-bank         ВизСоздание          op-bank             успешно
  50 op-entry        ВизСоздание          op-entry1           успешно
  51 op-bank         ВизСоздание          recipient           успешно
  52 op-bank         ВизСоздание          sender              успешно
  40 opb             ВизСоздание          Ввод данных         успешно
  70 op-entry        ВизСоздание          op-entry1           успешно
  60 opo             ВизСоздание          Ввод данных         успешно
 125 op-bank         Создание             op-bank             успешно
 130 op-entry        Создание             op-entry1           успешно
 120 opb             Создание             Ввод данных         успешно
 150 op-entry        Создание             op-entry1           успешно
 140 opo             Создание             Ввод данных         успешно
          Данные изменены
  16 opb             Поиск с ош.          Ввод данных         успешно
  18 doc-type        Поиск с ош.          Ввод данных         успешно
-------------------- ---------------------------------------- ----------
Итого                22


                    РЕКВИЗИТЫ ШАБЛОНОВ ТРАНЗАКЦИЙ
          Данные не изменены

Код                  Наименование                             Результат
-------------------- ---------------------------------------- ----------
   1 op                          |SEARCH(ENTRY(1,@kau)        успешно
   1 op                          |SEARCH(@op(10))             успешно
   2 op-entry                    |SEARCH(ENTRY(2,@kau,        успешно
   1 op                          |SEARCH(@mop-bal10)          успешно
   1 op                          |SEARCH(@op(16))             успешно
   1 doc-type                    |SEARCH(@doc-type(16)        успешно
   1 acct                        |SEARCH(IF @acctbal(1        успешно
   2 currency                    |SEARCH(if trim(subst        успешно
   1 acct                        |SEARCH(IF @acctcorr(        успешно
   2 currency                    |SEARCH(@iCurrency)          успешно
   1 buffers         op-entry    |                            успешно
   2 tables          op-entry    |                            успешно
   1 buffers         op-entry    |                            успешно
   2 tables          op-entry    |                            успешно
   1 op                          |SEARCH(@op(16))             успешно
   1 bank-code                   |@bank-code(38)              успешно
   2 bank-code-type              |@bank-code-type(38)         успешно
   3 bank-name                   |@bank-name(38)              успешно
   4 corr-acct                   |@corr-acct(38)              успешно
   5 op-bank-type                |@op-bank-type(38)           успешно
   1 acct-cat                    |@acct-cat(16)               успешно
   2 acct-db                     |@acctdb                     успешно
   3 acct-cr                     |@acctcr                     успешно
   4 amt-cur                     |@summspis_val               успешно
   5 amt-rub                     |@summspis_bal               успешно
   6 currency                    |@iCurrency                  успешно
   7 op-cod          000000      |                            успешно
   9 op-status                   |@op-status(40)              успешно
   1 bank-code                   |@bank-code(38)              успешно
   2 bank-code-type              |@bank-code-type(38)         успешно
   3 op-bank-type                |@op-bank-type(38)           успешно
   4 corr-acct                   |@corr-acct(38)              успешно
   5 bank-name                   |@bank-name(38)              успешно
   1 bank-code                   |@bank-code(38)              успешно
   2 bank-code-type              |@bank-code-type(38)         успешно
   3 bank-name                   |@bank-name(38)              успешно
   4 corr-acct                   |@corr-acct(38)              успешно
   5 op-bank-type                |@op-bank-type(38)           успешно
   1 acct-cat                    |@acct-cat(16)               успешно
   2 details                     |@details(16)                успешно
   3 doc-num                     |@doc-num(16)                успешно
   7 op-date                     |Дата()                      успешно
   9 due-date                    |Дата()                      успешно
  10 ДатаПомещенияВК             |@op-date(10)                успешно
  16 ben-acct                    |@ben-acct(16)               успешно
  17 name-ben                    |@name-ben(16)               успешно
  18 inn                         |@inn(16)                    успешно
  19 order-pay                   |@order-pay(16)              успешно
  20 кбк                         |@кбк(16)                    успешно
  21 окато-налог                 |@окато-налог(16)            успешно
  22 kpp-send                    |@kpp-send(16)               успешно
  23 kpp-rec                     |@kpp-rec(16)                успешно
  24 ПокДД                       |@покдд(16)                  успешно
  25 ПокНД                       |@покнд(16)                  успешно
  26 ПокНП                       |@покнп(16)                  успешно
  27 ПокОП                       |@покоп(16)                  успешно
  28 ПокСт                       |@покст(16)                  успешно
  29 ПокТП                       |@поктп(16)                  успешно
  30 acct-rec                    |_if(begins(@acctcr,"        успешно
  31 name-rec                    |_if(begins(@acctcr,"        успешно
  32 inn-rec                     |_if(begins(@acctcr,"        успешно
  33 doc-kind                    |@doc-kind(16);              успешно
  34 class-code      opbct       |                            успешно
   1 acct-cat        o           |                            успешно
   2 acct-cr                     |@icrtacct                   успешно
   3 acct-db                     |НАСТРОЙКА(ВбСчетКорА        успешно
   4 amt-cur                     |@summspis_val               успешно
   5 amt-rub                     |@summspis_bal               успешно
   6 currency                    |@iCurrency                  успешно
   7 kau-cr                      |@oKau                       успешно
   8 op-cod          000000      |                            успешно
   1 acct-cat        o           |                            успешно
   3 doc-num                     |СЧЕТЧИК(НАСТРОЙКА(Ст        успешно
   4 doc-type        ВБО         |                            успешно
   5 op-status       √           |                            успешно
   6 op-bal                      |@op-bal(10)                 успешно
   7 doc-date                    |Дата()                      успешно
   8 op-date                     |Дата()                      успешно
   9 ins-date                    |Дата()                      успешно
  10 due-date                    |Дата()                      успешно
  11 class-code      opo         |                            успешно
   1 bank-code                   |@bank-code(38)              успешно
   2 bank-code-type              |@bank-code-type(38)         успешно
   3 bank-name                   |@bank-name(38)              успешно
   4 corr-acct                   |@corr-acct(38)              успешно
   5 op-bank-type                |@op-bank-type(38)           успешно
   1 acct-cat                    |@acct-cat(16)               успешно
   2 acct-db                     |@acctdb                     успешно
   3 acct-cr                     |@acctcr                     успешно
   4 amt-cur                     |@summspis_val               успешно
   5 amt-rub                     |@summspis_bal               успешно
   6 currency                    |@iCurrency                  успешно
   7 op-cod          000000      |                            успешно
   9 op-status                   |@op-status(40)              успешно
   1 acct-cat                    |@acct-cat(16)               успешно
   2 details                     |@details(16)                успешно
   3 doc-num                     |@doc-num(16)                успешно
   7 op-date                     |Дата()                      успешно
   9 due-date                    |Дата()                      успешно
  10 ДатаПомещенияВК             |@op-date(10)                успешно
  16 ben-acct                    |@ben-acct(40)               успешно
  17 name-ben                    |@name-ben(40)               успешно
  18 inn                         |@inn(40)                    успешно
  19 order-pay                   |@order-pay(40)              успешно
  20 class-code      opbct       |                            успешно
  21 кбк                         |@кбк(40)                    успешно
  22 окато-налог                 |@окато-налог(40)            успешно
  23 kpp-send                    |@kpp-send(40)               успешно
  24 kpp-rec                     |@kpp-rec(40)                успешно
  25 ПокДД                       |@покдд(40)                  успешно
  26 ПокНД                       |@покнд(40)                  успешно
  27 ПокНП                       |@покнп(40)                  успешно
  28 ПокОП                       |@покоп(40)                  успешно
  29 ПокСт                       |@покст(40)                  успешно
  30 ПокТП                       |@поктп(40)                  успешно
  31 acct-rec                    |_if(begins(@acctcr,"        успешно
  32 name-rec                    |_if(begins(@acctcr,"        успешно
  33 inn-rec                     |_if(begins(@acctcr,"        успешно
  34 doc-kind                    |@doc-kind(16);              успешно
   1 acct-cat        o           |                            успешно
   2 acct-cr                     |@icrtacct                   успешно
   3 acct-db                     |НАСТРОЙКА(ВбСчетКорА        успешно
   4 amt-cur                     |@summspis_val               успешно
   5 amt-rub                     |@summspis_bal               успешно
   6 currency                    |@iCurrency                  успешно
   7 kau-cr                      |@oKau                       успешно
   8 op-cod          000000      |                            успешно
   1 acct-cat        o           |                            успешно
   3 doc-num                     |СЧЕТЧИК(НАСТРОЙКА(Ст        успешно
   4 doc-type        ВБО         |                            успешно
   5 op-status       √           |                            успешно
   6 op-bal                      |@op-bal(10)                 успешно
   7 doc-date                    |Дата()                      успешно
   8 op-date                     |Дата()                      успешно
   9 ins-date                    |Дата()                      успешно
  10 due-date                    |Дата()                      успешно
  11 class-code      opo         |                            успешно
          Данные изменены
   3 where                       |"FOR EACH op-entry W        успешно
   3 where                       |"FOR EACH op-entry W        успешно
   8 type                        |if substr(@acctcr,1,        успешно
   4 doc-type                    |IF @partial == 'no'         успешно
   5 op-status                   |IF ((НАСТРОЙКА(Станд        успешно
   6 doc-date                    |IF @partial == 'yes'        успешно
   8 ins-date                    |IF @partial == 'yes'        успешно
  11 НомДок                      |IF @partial == 'yes'        успешно
  12 ДатаПлДок                   |IF @partial == 'yes'        успешно
  13 ШифрПЛ                      |IF @partial == 'yes'        успешно
  14 НомЧПл                      |IF @partial == 'yes'        успешно
  15 ОстПл                       |IF @partial == 'yes'        успешно
   2 details                     |"Списание с Картотек        успешно
   8 type                        |if substr(@acctcr,1,        успешно
   4 doc-type                    |IF @partial == 'no'         успешно
   5 op-status                   |IF ((НАСТРОЙКА(Станд        успешно
   6 doc-date                    |IF @partial == 'yes'        успешно
   8 ins-date                    |IF @partial == 'yes'        успешно
  11 НомДок                      |IF @partial == 'yes'        успешно
  12 ДатаПлДок                   |IF @partial == 'yes'        успешно
  13 ШифрПЛ                      |IF @partial == 'yes'        успешно
  14 НомЧПл                      |IF @partial == 'yes'        успешно
  15 ОстПл                       |IF @partial == 'yes'        успешно
   2 details                     |"Списание с Картотек        успешно
-------------------- ---------------------------------------- ----------
Итого                161




********************************************************************************

Импорт метаданных в базу.
Выполнил пользователь Гуров В.А.
04/08/2016    14:50:48


                    ЗАГРУЗКА СТАНДАРТНОГО ПАТЧА (CORE)
                    ИЗ ''
                    ДОПРЕКВИЗИТЫ
          Данные не изменены

Код                  Наименование                             Результат
-------------------- ---------------------------------------- ----------
AttrOptimized        Нет                                      успешно
Transaction          Да                                       успешно
AttrOptimized        Нет                                      успешно
Transaction          Да                                       успешно
AttrOptimized        Нет                                      успешно
Transaction          Да                                       успешно
AttrOptimized        Нет                                      успешно
Transaction          Да                                       успешно
AttrOptimized        Нет                                      успешно
Transaction          Да                                       успешно
AttrOptimized        Нет                                      успешно
Transaction          Да                                       успешно
AttrOptimized        Нет                                      успешно
Transaction          Да                                       успешно
AttrOptimized        Нет                                      успешно
Transaction          Да                                       успешно
AttrOptimized        Нет                                      успешно
Transaction          Да                                       успешно
AttrOptimized        Нет                                      успешно
Transaction          Да                                       успешно
Transaction          Да                                       успешно
Transaction          Да                                       успешно
Transaction          Да                                       успешно
Transaction          Да                                       успешно
УчетДокК2            Отменить                                 успешно
AttrOptimized        Нет                                      успешно
Transaction          Да                                       успешно
Transaction          Да                                       успешно
AttrOptimized        Нет                                      успешно
Transaction          Да                                       успешно
Transaction          Да                                       успешно
Transaction          Да                                       успешно
УчетДокК2            Отменить                                 успешно
AttrOptimized        Нет                                      успешно
Transaction          Да                                       успешно
Transaction          Да                                       успешно
AttrOptimized        Нет                                      успешно
Transaction          Да                                       успешно
РучВводНР            Да                                       успешно
СС_АвтоОтвет         core55=Продолжить                        успешно
СС_ВыводНаЭкран      Да                                       успешно
Executable           Нет                                      успешно
NoBlockMsg           Да                                       успешно
parslib              pacct,pcrd                               успешно
ProgressBar          Да                                       успешно
TmplOrder            150                                      успешно
Transaction          Да                                       успешно
-------------------- ---------------------------------------- ----------
Итого                47


                    СТАНДАРТНЫЕ ТРАНЗАКЦИИ
          Данные не изменены

Код                  Наименование                             Результат
-------------------- ---------------------------------------- ----------
_BLC2_1S             Создание документов (списание из КБС пол успешно
-------------------- ---------------------------------------- ----------
Итого                1


                    ШАБЛОНЫ НОВЫХ ТРАНЗАКЦИЙ
          Данные не изменены

Код                  Наименование                             Результат
-------------------- ---------------------------------------- ----------
  10 opo             Поиск                Ввод данных         успешно
  15 op-entry        Поиск с ош.          Ввод данных         успешно
  16 opb             Поиск с ош.          Ввод данных         успешно
  17 op-entry        Поиск с ош.          Ввод данных         успешно
  18 doc-type        Поиск с ош.          Ввод данных         успешно
  20 acct            Поиск с ош.          Ввод данных         успешно
  30 acct            Поиск с ош.          Ввод данных         успешно
  35 Filter          Создание             Ввод данных         успешно
  36 Filter          Создание             Ввод данных         успешно
  38 op-bank         Поиск с ош.          Ввод данных         успешно
  49 op-bank         ВизСоздание          op-bank             успешно
  50 op-entry        ВизСоздание          op-entry1           успешно
  51 op-bank         ВизСоздание          recipient           успешно
  52 op-bank         ВизСоздание          sender              успешно
  40 opb             ВизСоздание          Ввод данных         успешно
  70 op-entry        ВизСоздание          op-entry1           успешно
  60 opo             ВизСоздание          Ввод данных         успешно
 125 op-bank         Создание             op-bank             успешно
 130 op-entry        Создание             op-entry1           успешно
 120 opb             Создание             Ввод данных         успешно
 150 op-entry        Создание             op-entry1           успешно
 140 opo             Создание             Ввод данных         успешно
-------------------- ---------------------------------------- ----------
Итого                22


                    РЕКВИЗИТЫ ШАБЛОНОВ ТРАНЗАКЦИЙ
          Данные не изменены

Код                  Наименование                             Результат
-------------------- ---------------------------------------- ----------
   1 op                          |SEARCH(ENTRY(1,@kau)        успешно
   1 op                          |SEARCH(@op(10))             успешно
   2 op-entry                    |SEARCH(ENTRY(2,@kau,        успешно
   1 op                          |SEARCH(@mop-bal10)          успешно
   1 op                          |SEARCH(@op(16))             успешно
   1 doc-type                    |SEARCH(@doc-type(16)        успешно
   1 acct                        |SEARCH(IF @acctbal(1        успешно
   2 currency                    |SEARCH(if trim(subst        успешно
   1 acct                        |SEARCH(IF @acctcorr(        успешно
   2 currency                    |SEARCH(@iCurrency)          успешно
   1 buffers         op-entry    |                            успешно
   2 tables          op-entry    |                            успешно
   3 where                       |"FOR EACH op-entry W        успешно
   1 buffers         op-entry    |                            успешно
   2 tables          op-entry    |                            успешно
   3 where                       |"FOR EACH op-entry W        успешно
   1 op                          |SEARCH(@op(16))             успешно
   1 bank-code                   |@bank-code(38)              успешно
   2 bank-code-type              |@bank-code-type(38)         успешно
   3 bank-name                   |@bank-name(38)              успешно
   4 corr-acct                   |@corr-acct(38)              успешно
   5 op-bank-type                |@op-bank-type(38)           успешно
   1 acct-cat                    |@acct-cat(16)               успешно
   2 acct-db                     |@acctdb                     успешно
   3 acct-cr                     |@acctcr                     успешно
   4 amt-cur                     |@summspis_val               успешно
   5 amt-rub                     |@summspis_bal               успешно
   6 currency                    |@iCurrency                  успешно
   7 op-cod          000000      |                            успешно
   8 type                        |if substr(@acctcr,1,        успешно
   9 op-status                   |@op-status(40)              успешно
   1 bank-code                   |@bank-code(38)              успешно
   2 bank-code-type              |@bank-code-type(38)         успешно
   3 op-bank-type                |@op-bank-type(38)           успешно
   4 corr-acct                   |@corr-acct(38)              успешно
   5 bank-name                   |@bank-name(38)              успешно
   1 bank-code                   |@bank-code(38)              успешно
   2 bank-code-type              |@bank-code-type(38)         успешно
   3 bank-name                   |@bank-name(38)              успешно
   4 corr-acct                   |@corr-acct(38)              успешно
   5 op-bank-type                |@op-bank-type(38)           успешно
   1 acct-cat                    |@acct-cat(16)               успешно
   2 details                     |@details(16)                успешно
   3 doc-num                     |@doc-num(16)                успешно
   4 doc-type                    |IF @partial == 'no'         успешно
   5 op-status                   |IF ((НАСТРОЙКА(Станд        успешно
   6 doc-date                    |IF @partial == 'yes'        успешно
   7 op-date                     |Дата()                      успешно
   8 ins-date                    |IF @partial == 'yes'        успешно
   9 due-date                    |Дата()                      успешно
  10 ДатаПомещенияВК             |@op-date(10)                успешно
  11 НомДок                      |IF @partial == 'yes'        успешно
  12 ДатаПлДок                   |IF @partial == 'yes'        успешно
  13 ШифрПЛ                      |IF @partial == 'yes'        успешно
  14 НомЧПл                      |IF @partial == 'yes'        успешно
  15 ОстПл                       |IF @partial == 'yes'        успешно
  16 ben-acct                    |@ben-acct(16)               успешно
  17 name-ben                    |@name-ben(16)               успешно
  18 inn                         |@inn(16)                    успешно
  19 order-pay                   |@order-pay(16)              успешно
  20 кбк                         |@кбк(16)                    успешно
  21 окато-налог                 |@окато-налог(16)            успешно
  22 kpp-send                    |@kpp-send(16)               успешно
  23 kpp-rec                     |@kpp-rec(16)                успешно
  24 ПокДД                       |@покдд(16)                  успешно
  25 ПокНД                       |@покнд(16)                  успешно
  26 ПокНП                       |@покнп(16)                  успешно
  27 ПокОП                       |@покоп(16)                  успешно
  28 ПокСт                       |@покст(16)                  успешно
  29 ПокТП                       |@поктп(16)                  успешно
  30 acct-rec                    |_if(begins(@acctcr,"        успешно
  31 name-rec                    |_if(begins(@acctcr,"        успешно
  32 inn-rec                     |_if(begins(@acctcr,"        успешно
  33 doc-kind                    |@doc-kind(16);              успешно
  34 class-code      opbct       |                            успешно
   1 acct-cat        o           |                            успешно
   2 acct-cr                     |@icrtacct                   успешно
   3 acct-db                     |НАСТРОЙКА(ВбСчетКорА        успешно
   4 amt-cur                     |@summspis_val               успешно
   5 amt-rub                     |@summspis_bal               успешно
   6 currency                    |@iCurrency                  успешно
   7 kau-cr                      |@oKau                       успешно
   8 op-cod          000000      |                            успешно
   1 acct-cat        o           |                            успешно
   2 details                     |"Списание с Картотек        успешно
   3 doc-num                     |СЧЕТЧИК(НАСТРОЙКА(Ст        успешно
   4 doc-type        ВБО         |                            успешно
   5 op-status       √           |                            успешно
   6 op-bal                      |@op-bal(10)                 успешно
   7 doc-date                    |Дата()                      успешно
   8 op-date                     |Дата()                      успешно
   9 ins-date                    |Дата()                      успешно
  10 due-date                    |Дата()                      успешно
  11 class-code      opo         |                            успешно
   1 bank-code                   |@bank-code(38)              успешно
   2 bank-code-type              |@bank-code-type(38)         успешно
   3 bank-name                   |@bank-name(38)              успешно
   4 corr-acct                   |@corr-acct(38)              успешно
   5 op-bank-type                |@op-bank-type(38)           успешно
   1 acct-cat                    |@acct-cat(16)               успешно
   2 acct-db                     |@acctdb                     успешно
   3 acct-cr                     |@acctcr                     успешно
   4 amt-cur                     |@summspis_val               успешно
   5 amt-rub                     |@summspis_bal               успешно
   6 currency                    |@iCurrency                  успешно
   7 op-cod          000000      |                            успешно
   8 type                        |if substr(@acctcr,1,        успешно
   9 op-status                   |@op-status(40)              успешно
   1 acct-cat                    |@acct-cat(16)               успешно
   2 details                     |@details(16)                успешно
   3 doc-num                     |@doc-num(16)                успешно
   4 doc-type                    |IF @partial == 'no'         успешно
   5 op-status                   |IF ((НАСТРОЙКА(Станд        успешно
   6 doc-date                    |IF @partial == 'yes'        успешно
   7 op-date                     |Дата()                      успешно
   8 ins-date                    |IF @partial == 'yes'        успешно
   9 due-date                    |Дата()                      успешно
  10 ДатаПомещенияВК             |@op-date(10)                успешно
  11 НомДок                      |IF @partial == 'yes'        успешно
  12 ДатаПлДок                   |IF @partial == 'yes'        успешно
  13 ШифрПЛ                      |IF @partial == 'yes'        успешно
  14 НомЧПл                      |IF @partial == 'yes'        успешно
  15 ОстПл                       |IF @partial == 'yes'        успешно
  16 ben-acct                    |@ben-acct(40)               успешно
  17 name-ben                    |@name-ben(40)               успешно
  18 inn                         |@inn(40)                    успешно
  19 order-pay                   |@order-pay(40)              успешно
  20 class-code      opbct       |                            успешно
  21 кбк                         |@кбк(40)                    успешно
  22 окато-налог                 |@окато-налог(40)            успешно
  23 kpp-send                    |@kpp-send(40)               успешно
  24 kpp-rec                     |@kpp-rec(40)                успешно
  25 ПокДД                       |@покдд(40)                  успешно
  26 ПокНД                       |@покнд(40)                  успешно
  27 ПокНП                       |@покнп(40)                  успешно
  28 ПокОП                       |@покоп(40)                  успешно
  29 ПокСт                       |@покст(40)                  успешно
  30 ПокТП                       |@поктп(40)                  успешно
  31 acct-rec                    |_if(begins(@acctcr,"        успешно
  32 name-rec                    |_if(begins(@acctcr,"        успешно
  33 inn-rec                     |_if(begins(@acctcr,"        успешно
  34 doc-kind                    |@doc-kind(16);              успешно
   1 acct-cat        o           |                            успешно
   2 acct-cr                     |@icrtacct                   успешно
   3 acct-db                     |НАСТРОЙКА(ВбСчетКорА        успешно
   4 amt-cur                     |@summspis_val               успешно
   5 amt-rub                     |@summspis_bal               успешно
   6 currency                    |@iCurrency                  успешно
   7 kau-cr                      |@oKau                       успешно
   8 op-cod          000000      |                            успешно
   1 acct-cat        o           |                            успешно
   2 details                     |"Списание с Картотек        успешно
   3 doc-num                     |СЧЕТЧИК(НАСТРОЙКА(Ст        успешно
   4 doc-type        ВБО         |                            успешно
   5 op-status       √           |                            успешно
   6 op-bal                      |@op-bal(10)                 успешно
   7 doc-date                    |Дата()                      успешно
   8 op-date                     |Дата()                      успешно
   9 ins-date                    |Дата()                      успешно
  10 due-date                    |Дата()                      успешно
  11 class-code      opo         |                            успешно
-------------------- ---------------------------------------- ----------
Итого                161


