

********************************************************************************

Импорт метаданных в базу.
Выполнил пользователь BIS maintenance
21/02/2017    10:35:09


                    ЗАГРУЗКА СПЕЦПАТЧА (CONV)
                    ИЗ '/data/home2/bis/quit41d/src-local/62_BAA_otch_vipa.p/conv/'
                    КЛАССИФИКАТОРЫ
          Запись добавлена

Код                  Наименование                             Результат
-------------------- ---------------------------------------- ----------
1                    ООО "Ринг-М"                             успешно
2                    ООО "Премиум Ассистанс"                  успешно
DogInfUL             Договоры об инф.обслуживании ЮЛ          успешно
-------------------- ---------------------------------------- ----------
Итого                3


                    ДОПРЕКВИЗИТЫ
          Запись добавлена

Код                  Наименование                             Результат
-------------------- ---------------------------------------- ----------
ГрупТабл             ,DogInfUL                | Прочие        успешно
-------------------- ---------------------------------------- ----------
Итого                1


                    ПОЛЬЗОВАТЕЛЬСКИЕ ПРОЦЕДУРЫ
          Данные не изменены

Код                  Наименование                             Результат
-------------------- ---------------------------------------- ----------
  МЕНЮ               ПЕЧАТЬ                                   успешно
          Запись добавлена
otch_vipa            Отчет по перечислению в РИНГ-М (новый)   успешно
otch_vipa            Отчет по перечислению в Премиум Ассистан успешно
-------------------- ---------------------------------------- ----------
Итого                3




********************************************************************************

Импорт метаданных в базу.
Выполнил пользователь BIS maintenance
21/02/2017    10:35:30


                    ЗАГРУЗКА СПЕЦПАТЧА (CONV)
                    ИЗ '/data/home2/bis/quit41d/src-local/62_BAA_otch_vipa.p/conv/'
                    КЛАССИФИКАТОРЫ
          Данные не изменены

Код                  Наименование                             Результат
-------------------- ---------------------------------------- ----------
1                    ООО "Ринг-М"                             успешно
2                    ООО "Премиум Ассистанс"                  успешно
DogInfUL             Договоры об инф.обслуживании ЮЛ          успешно
-------------------- ---------------------------------------- ----------
Итого                3


                    ДОПРЕКВИЗИТЫ
          Данные не изменены

Код                  Наименование                             Результат
-------------------- ---------------------------------------- ----------
ГрупТабл             ,DogInfUL                | Прочие        успешно
-------------------- ---------------------------------------- ----------
Итого                1


                    ПОЛЬЗОВАТЕЛЬСКИЕ ПРОЦЕДУРЫ
          Данные не изменены

Код                  Наименование                             Результат
-------------------- ---------------------------------------- ----------
otch_vipa            Отчет по перечислению в РИНГ-М (новый)   успешно
otch_vipa            Отчет по перечислению в Премиум Ассистан успешно
  МЕНЮ               ПЕЧАТЬ                                   успешно
-------------------- ---------------------------------------- ----------
Итого                3


